# ./tmp/henge-en10k/region/r.-1.-1.mca
belligerence	-250	83	-499
antidepressant	-24	64	-475
parchment	-497	79	-452
nomination	-52	63	-461
backlash	-21	69	-450
assemblage	-54	64	-436
tabloid	-138	69	-211
boggle	-142	70	-189
apposite	-491	63	-133
broomstick	-337	75	-135
approve	-473	63	-112
daybed	-460	63	-97
arabesque	-293	73	-102
cinnabar	-269	72	-101
abandonment	-133	64	-108
gaseous	-484	64	-86
backroom	-466	64	-81
arch	-245	72	-95
foolscap	-291	70	-66
carnal	-261	73	-69
adjudge	-127	64	-78
coniferous	-478	64	-60
daresay	-474	67	-38
companion	-122	69	-34
carousel	-95	70	-46
pandit	-72	70	-22
celebratory	-502	64	-1
tamper	-118	68	-3
bossy	-90	70	-13
# ./tmp/henge-en10k/region/r.-1.-2.mca
aftertaste	-252	64	-964
anchorite	-231	64	-952
contamination	-177	69	-956
cadetship	-144	68	-949
sacrilegious	-18	66	-948
gain	-281	69	-939
cantata	-234	64	-931
crossbar	-118	69	-940
factoid	-34	66	-940
ram	-57	68	-916
cinnamon	-8	69	-923
cagey	-301	64	-883
anterior	-123	71	-881
apathy	-70	70	-892
dive	-9	71	-883
bandy	-311	69	-850
await	-247	64	-860
airfoil	-228	64	-852
affront	-142	72	-861
salamander	-16	68	-855
bin	-338	69	-847
guest	-289	69	-836
Appalachian	-68	68	-844
caper	-333	69	-832
precedence	-253	69	-830
bandanna	-220	70	-832
allot	-271	70	-810
alike	-230	72	-807
analyst	-266	71	-789
antagonize	-218	71	-785
bearer	-177	69	-796
bally	-164	72	-777
aloud	-248	71	-760
cannibalize	-220	71	-759
accede	-197	70	-760
cantonal	-292	69	-745
stiffening	-235	71	-742
muddle	-176	70	-752
dell	-349	71	-735
capstan	-270	71	-726
abba	-212	70	-724
forbid	-121	71	-725
damage	-358	70	-715
dachshund	-316	71	-718
ticker	-171	67	-714
coaxial	-323	70	-695
cognizance	-258	66	-698
academia	-198	70	-697
aroma	-83	72	-691
accessorize	-59	71	-692
charm	-234	70	-677
bandeau	-179	67	-684
ballast	-23	69	-687
transcendent	-275	65	-663
debacle	-244	70	-659
arrange	-162	67	-671
bashful	-96	73	-668
aspen	-197	76	-644
agronomist	-125	69	-649
ethic	-101	71	-650
backtalk	-73	72	-655
assize	-49	69	-649
ammo	-26	64	-655
accompany	-145	69	-630
ambassador	-98	72	-626
billfold	-162	69	-624
alt.	-189	78	-593
backdoor	-63	71	-605
antique	-61	64	-564
appraise	-218	83	-546
accelerate	-171	63	-548
careen	-42	64	-553
angiosperm	-263	68	-529
beady	-33	64	-537
auburn	-226	82	-516
auntie	-144	63	-525
algal	-66	63	-524
ashen	-43	64	-516
ado	-17	64	-525
# ./tmp/henge-en10k/region/r.-1.-3.mca
wobbly	-475	64	-1528
obdurate	-311	66	-1535
biotin	-475	64	-1505
compartment	-451	64	-1517
pasta	-451	64	-1492
valance	-508	63	-1481
lad	-466	68	-1447
probability	-468	68	-1427
subjective	-490	67	-1418
gendarme	-487	77	-1222
careen	-508	76	-1209
amnesic	-465	77	-1209
baffle	-496	76	-1192
beacon	-440	79	-1194
orca	-2	70	-1142
languid	-12	70	-1140
# ./tmp/henge-en10k/region/r.-1.-4.mca
adultery	-330	63	-1785
condor	-440	63	-1762
captaincy	-492	64	-1659
pacifism	-452	64	-1651
bracket	-395	68	-1650
undeceive	-482	64	-1644
madrigal	-484	64	-1616
allow	-452	64	-1597
lackluster	-475	64	-1577
deceitful	-422	64	-1581
align	-391	67	-1575
acceleration	-380	67	-1555
toboggan	-487	64	-1543
astute	-468	63	-1552
abstinent	-431	64	-1548
agape	-343	66	-1552
mist	-291	64	-1552
# ./tmp/henge-en10k/region/r.-1.0.mca
awesome	-427	64	8
absolve	-167	67	9
barrow	-143	68	0
caldera	-475	64	31
babel	-443	63	27
immense	-87	71	28
chalk	-161	67	36
weld	-68	71	33
excessive	-425	63	51
certify	-7	73	57
scatter	-487	64	64
ashy	-302	64	64
boozy	-272	66	69
bosh	-78	66	70
chummy	-61	67	70
practicable	-34	70	65
confederate	-475	64	89
clammy	-169	63	95
republic	-34	70	86
confabulation	-489	64	100
angle	-390	64	104
blandly	-100	67	101
beak	-85	67	106
rappel	-458	63	126
clank	-436	63	119
aplenty	-214	69	123
assume	-56	66	123
anion	-271	64	139
attorney	-189	73	141
brindle	-82	64	138
asleep	-200	72	159
abacus	-166	70	156
baggy	-133	68	144
acerbic	-352	63	166
gilt	-177	70	165
bump	-145	68	167
baddie	-126	70	185
burp	-414	64	197
chappy	-308	64	206
champ	-230	65	206
cope	-184	64	198
dabbler	-430	64	216
acrimony	-367	64	214
bumper	-325	64	223
applicant	-201	66	209
biddy	-161	64	209
cheek	-147	64	216
burl	-400	65	231
clench	-380	66	232
accommodate	-287	65	237
bang	-264	66	233
ablaze	-235	64	235
afire	-382	67	249
belt	-322	63	250
blab	-223	64	245
sticker	-472	67	265
clop	-263	63	260
onward	-499	66	284
immediate	-467	70	284
babble	-313	63	273
biweekly	-250	63	272
abort	-496	66	298
caff	-319	63	297
dwell	-503	67	308
afterimage	-490	69	316
coral	-222	64	307
cellulite	-491	69	330
abduct	-265	64	320
coulee	-504	71	349
amble	-376	63	351
assault	-467	69	358
archbishop	-354	64	362
cataract	-496	69	381
antiparticle	-454	69	371
fable	-433	71	373
boredom	-465	72	384
allege	-440	72	393
creamer	-354	71	390
concatenate	-309	71	396
colorblind	-339	82	402
tend	-463	77	478
subscribe	-477	76	494
abstain	-420	77	481
antislavery	-437	78	505
elicit	-384	77	502
earthenware	-358	77	505
# ./tmp/henge-en10k/region/r.-1.1.mca
cockerel	-504	76	525
reissue	-478	76	520
vacate	-416	75	522
blitz	-450	72	540
diary	-361	78	539
cottager	-335	80	545
sealant	-327	80	584
# ./tmp/henge-en10k/region/r.-1.2.mca
# ./tmp/henge-en10k/region/r.-10.-35.mca
# ./tmp/henge-en10k/region/r.-13.-10.mca
# ./tmp/henge-en10k/region/r.-13.-5.mca
# ./tmp/henge-en10k/region/r.-14.-5.mca
# ./tmp/henge-en10k/region/r.-15.-33.mca
# ./tmp/henge-en10k/region/r.-16.30.mca
# ./tmp/henge-en10k/region/r.-18.32.mca
# ./tmp/henge-en10k/region/r.-19.-35.mca
# ./tmp/henge-en10k/region/r.-2.-1.mca
amateurish	-917	64	-509
capital	-797	67	-505
moan	-600	80	-501
acculturate	-934	64	-496
bagpipe	-721	67	-492
madhouse	-995	66	-471
bandy	-819	69	-473
loading	-781	64	-469
integrate	-721	68	-467
hybridization	-702	64	-467
magnanimous	-615	79	-472
dally	-1010	65	-456
agitprop	-816	69	-452
hat	-781	64	-452
expectation	-993	64	-442
daub	-656	63	-432
acolyte	-625	63	-427
aye	-604	64	-422
accord	-525	77	-425
canal	-639	63	-413
brief	-750	63	-390
emanate	-702	64	-390
chatelaine	-682	64	-392
Aphrodite	-624	63	-396
lobbyist	-608	66	-396
depart	-579	64	-370
bighorn	-695	64	-356
fam	-579	64	-356
array	-820	64	-352
advert	-710	66	-336
procurement	-976	64	-290
caraway	-939	68	-292
affluent	-708	64	-295
agouti	-647	63	-282
cannery	-615	64	-278
apiece	-633	64	-266
pacific	-970	69	-244
recumbent	-941	67	-243
vacuum	-991	69	-239
quackery	-983	69	-221
disconsolate	-998	67	-200
campanula	-1012	68	-168
aerie	-990	69	-163
debtor	-1013	69	-146
accuracy	-593	64	-57
billy	-578	64	-47
chinchilla	-585	64	-25
avionics	-549	68	-31
brainy	-874	86	-3
ballet	-557	68	-8
# ./tmp/henge-en10k/region/r.-2.-2.mca
farce	-684	64	-1004
await	-745	65	-983
cacophony	-690	64	-977
admonish	-769	64	-965
waddle	-736	65	-961
infect	-710	64	-973
brooch	-691	64	-963
cocktail	-770	64	-946
equable	-754	65	-938
bribe	-877	70	-669
canonical	-857	71	-668
descriptive	-833	69	-646
naive	-851	69	-628
abolish	-817	72	-611
badness	-795	73	-593
gnarl	-1019	64	-590
paleontology	-982	64	-559
rot	-949	66	-542
bleach	-742	64	-529
ascension	-940	65	-524
cuppa	-900	64	-522
dismal	-758	64	-513
jackal	-723	64	-526
# ./tmp/henge-en10k/region/r.-2.-3.mca
descale	-951	70	-1529
praise	-520	67	-1524
calculate	-1011	67	-1506
TAM	-590	71	-1512
machete	-945	70	-1503
muffin	-986	70	-1481
rid	-576	64	-1474
exacerbate	-540	64	-1477
augury	-973	70	-1464
ascendancy	-852	69	-1463
subjugate	-813	64	-1464
chamberlain	-632	63	-1462
salvia	-614	63	-1470
precaution	-551	64	-1464
precautionary	-583	64	-1456
macabre	-897	66	-1433
ceasefire	-900	64	-1414
competent	-551	66	-1423
arbiter	-892	68	-1362
combustible	-876	68	-1376
bib	-811	64	-1363
admit	-876	68	-1354
abhorrent	-841	63	-1346
cast	-589	77	-1360
chalky	-603	78	-1342
spinach	-878	71	-1320
zeal	-849	63	-1321
brim	-828	63	-1324
discern	-810	64	-1328
embalm	-592	82	-1316
bedspread	-783	64	-1305
backtrack	-759	64	-1290
waft	-579	79	-1294
readmission	-885	68	-1270
digestive	-716	64	-1278
tracksuit	-585	79	-1277
feast	-844	64	-1260
peace	-628	86	-1260
antithesis	-720	64	-1239
astern	-567	75	-1242
mass	-730	64	-1231
saraband	-584	79	-1204
bridal	-540	72	-1209
acrid	-746	63	-1185
teat	-535	75	-1189
rig	-797	63	-1182
# ./tmp/henge-en10k/region/r.-2.-4.mca
calabash	-981	70	-1618
decease	-933	70	-1621
complainant	-555	64	-1615
reactionary	-533	64	-1612
radish	-941	71	-1598
abbreviation	-581	66	-1593
accompaniment	-553	64	-1587
breakdown	-524	64	-1588
adjectival	-608	65	-1579
sheen	-1020	67	-1562
seta	-988	71	-1554
revocable	-931	76	-1559
Upanishad	-585	68	-1564
vehemently	-513	64	-1562
sober	-1009	70	-1546
regale	-971	71	-1538
radiologist	-552	63	-1542
aforesaid	-534	63	-1547
# ./tmp/henge-en10k/region/r.-2.-7.mca
# ./tmp/henge-en10k/region/r.-2.0.mca
athlete	-564	64	32
clingy	-524	63	40
apple	-540	64	68
betake	-536	64	92
battle	-554	64	109
bull	-519	64	147
affix	-533	73	318
barista	-534	72	334
aspirin	-519	70	320
autumn	-522	71	335
facility	-986	67	490
tabor	-543	76	490
graben	-956	67	503
account	-931	67	498
adaptation	-525	75	507
# ./tmp/henge-en10k/region/r.-2.1.mca
bloodshot	-986	70	527
agape	-963	67	543
antipathy	-944	66	534
magnitude	-522	74	534
hagfish	-945	68	559
# ./tmp/henge-en10k/region/r.-2.2.mca
# ./tmp/henge-en10k/region/r.-20.33.mca
# ./tmp/henge-en10k/region/r.-21.30.mca
# ./tmp/henge-en10k/region/r.-23.3.mca
# ./tmp/henge-en10k/region/r.-27.23.mca
# ./tmp/henge-en10k/region/r.-29.23.mca
# ./tmp/henge-en10k/region/r.-3.-1.mca
crusader	-1119	72	-501
decontaminate	-1084	74	-504
cheek	-1064	70	-488
anxiety	-1028	69	-493
feldspar	-1044	69	-464
azimuth	-1227	69	-433
mangy	-1030	64	-441
divide	-1222	69	-403
disagreeable	-1169	67	-414
bereave	-1192	68	-395
cloaked	-1169	66	-390
handmaiden	-1049	68	-360
sparingly	-1167	72	-321
acclaim	-1093	68	-332
raider	-1074	68	-333
immaculate	-1148	71	-316
nascent	-1133	70	-319
misconduct	-1082	68	-306
babble	-1164	71	-292
brackish	-1118	66	-292
chagrin	-1206	66	-284
peaty	-1248	69	-258
claimant	-1195	64	-262
insider	-1169	66	-249
mockingly	-1196	68	-237
quadrennial	-1214	69	-216
cable	-1156	68	-218
commemorate	-1102	67	-215
aide	-1036	64	-212
dirt	-1181	70	-198
scaffold	-1031	68	-189
pragmatist	-1271	69	-165
fraction	-1083	68	-161
stagecoach	-1209	71	-156
peeve	-1135	65	-152
vacation	-1071	69	-132
daddy	-1264	69	-115
combatant	-1235	69	-126
despair	-1208	69	-113
yachtsman	-1081	68	-113
grabber	-1042	70	-124
analogy	-1091	68	-85
hematology	-1076	68	-91
cardiology	-1065	68	-96
tautology	-1039	68	-90
incantation	-1292	63	-68
ecology	-1064	68	-77
parch	-1111	69	-50
meteorology	-1064	68	-54
oak	-1283	63	-42
obediently	-1076	80	-14
# ./tmp/henge-en10k/region/r.-3.-2.mca
arboreal	-1154	68	-600
cockatoo	-1137	72	-580
afterlife	-1051	64	-561
adverse	-1031	64	-568
corsage	-1139	72	-555
coherency	-1086	63	-555
benchmark	-1068	64	-553
allegoric	-1106	74	-540
avidly	-1031	64	-535
barge	-1072	74	-518
# ./tmp/henge-en10k/region/r.-3.-3.mca
circadian	-1035	68	-1534
# ./tmp/henge-en10k/region/r.-3.-4.mca
verso	-1037	68	-1612
scripture	-1040	67	-1592
penetration	-1039	67	-1573
scout	-1051	68	-1553
# ./tmp/henge-en10k/region/r.-3.0.mca
vicar	-1324	69	323
oracle	-1306	69	320
collateral	-1374	70	346
actuary	-1325	68	347
convection	-1311	69	344
attaboy	-1368	70	360
grub	-1316	69	364
ascend	-1259	71	357
ado	-1399	69	379
resent	-1369	67	381
eagerness	-1348	67	378
crit	-1279	70	369
altar	-1243	70	371
ambush	-1477	68	399
amnesiac	-1445	69	395
bobby	-1418	69	385
perceptual	-1389	68	399
crease	-1301	68	399
aboard	-1456	70	414
seigneur	-1405	68	413
adipose	-1233	64	414
parsimonious	-1535	68	418
airman	-1504	64	428
bratwurst	-1157	64	419
extensive	-1115	64	418
bozo	-1412	67	433
coerce	-1162	64	438
flagstone	-1115	64	445
bandstand	-1068	66	444
autoimmune	-1232	65	449
coniferous	-1208	71	460
aggravate	-1253	65	467
abbey	-1126	64	473
academic	-1310	66	493
abjectly	-1282	71	490
achromatic	-1153	64	492
academe	-1108	65	487
admiralty	-1337	68	507
also	-1115	64	509
# ./tmp/henge-en10k/region/r.-3.1.mca
cloverleaf	-1414	72	527
abrade	-1152	64	520
hallucinate	-1133	64	516
antiseptic	-1454	69	539
badinage	-1430	72	541
ashore	-1331	68	531
adjourn	-1159	64	535
chine	-1093	67	534
ascendant	-1512	72	556
aureate	-1491	73	561
bandwagon	-1461	69	565
airstrip	-1387	69	565
austerely	-1360	70	570
brogan	-1336	68	575
angelica	-1425	70	582
albino	-1383	69	590
chlorella	-1317	68	592
nit	-1519	71	614
carrot	-1427	69	622
beta	-1389	68	619
falsetto	-1172	72	613
deerskin	-1535	69	638
nomad	-1496	68	628
Muenster	-1444	71	636
allege	-1197	72	635
saddlery	-1173	72	633
pedagogue	-1210	72	653
coincide	-1525	67	660
abound	-1479	70	669
wildfowl	-1341	70	686
aerospace	-1531	67	689
leaden	-1500	70	694
carve	-1398	73	696
alley	-1362	69	694
clamp	-1520	69	715
debasement	-1480	70	712
opacity	-1428	71	718
abundant	-1217	70	709
containment	-1171	64	707
absurdly	-1497	69	733
preferential	-1408	71	735
anomalous	-1355	70	730
painful	-1327	69	733
picky	-1162	64	723
astride	-1394	71	752
amity	-1292	69	771
blunderbuss	-1351	72	790
aloe	-1268	67	797
autograph	-1240	67	795
inaccurate	-1329	71	805
bowl	-1292	69	815
degenerate	-1324	67	854
jubilantly	-1267	63	851
bakery	-1242	63	856
aphorism	-1302	64	866
bacillus	-1331	64	882
colonel	-1290	64	884
babel	-1234	64	894
alveolar	-1225	64	885
gamelan	-1318	64	901
exceedingly	-1283	64	910
bun	-1220	64	904
laborious	-1254	64	913
foible	-1202	64	921
problematical	-1182	64	920
excavation	-1189	64	938
actuarial	-1284	68	956
acclamation	-1253	64	945
ancestry	-1188	64	962
rawhide	-1166	64	973
glib	-1146	64	963
# ./tmp/henge-en10k/region/r.-3.2.mca
# ./tmp/henge-en10k/region/r.-30.21.mca
# ./tmp/henge-en10k/region/r.-31.18.mca
# ./tmp/henge-en10k/region/r.-32.21.mca
# ./tmp/henge-en10k/region/r.-33.21.mca
# ./tmp/henge-en10k/region/r.-33.26.mca
# ./tmp/henge-en10k/region/r.-34.21.mca
# ./tmp/henge-en10k/region/r.-4.-1.mca
# ./tmp/henge-en10k/region/r.-4.-9.mca
# ./tmp/henge-en10k/region/r.-4.0.mca
pageant	-1873	64	116
yammer	-1877	64	145
antagonize	-1852	64	155
absinthe	-1770	66	150
aberrant	-1743	64	145
electrolysis	-1695	64	144
dent	-1667	63	144
dip	-1822	64	174
space	-1743	64	166
borough	-1694	63	163
valor	-1677	63	166
wickedness	-1859	64	190
acquaint	-1842	64	179
beady	-1760	65	179
adenine	-1674	63	183
anchovy	-1834	64	196
patience	-1809	64	192
barfly	-1781	64	200
couch	-1870	63	216
maintainable	-1903	64	238
barnacle	-1885	63	227
dibble	-1915	63	269
baht	-1890	64	256
excrement	-1926	64	285
affair	-1700	64	287
baseline	-1884	63	290
ancillary	-1623	69	296
madness	-1588	68	298
ware	-1900	64	317
lactate	-1638	69	316
bowsprit	-1929	67	348
bacterial	-1686	68	345
obituary	-1562	69	348
calaboose	-1941	68	368
bilateral	-1545	68	373
ache	-1933	69	393
alumni	-1917	69	384
civil	-1717	64	385
bespoke	-1687	65	384
obedience	-1925	67	411
croaked	-1909	64	415
condense	-1894	64	400
enabler	-1589	66	438
sanitize	-1647	68	509
caff	-1599	71	496
# ./tmp/henge-en10k/region/r.-4.1.mca
alacrity	-1603	71	518
contained	-1964	69	536
liberating	-1683	69	554
acoustically	-1580	71	544
vogue	-1561	71	550
laboriously	-2033	69	564
magistrate	-1947	69	566
inedible	-1593	70	563
crackle	-1597	69	589
nameless	-1573	69	588
oblivious	-2027	63	594
declension	-1732	68	610
ghastly	-1673	63	623
footwear	-1623	72	609
maniacal	-1697	63	630
assignor	-2034	67	652
domicile	-1735	69	644
delectable	-1609	69	643
acquaint	-1552	69	650
bereft	-2024	67	669
negligence	-1958	67	662
abjure	-1624	69	666
parentage	-1588	69	681
balm	-1550	69	681
japan	-1984	71	699
abolish	-1616	69	688
bristly	-2019	72	713
magnum	-1950	68	709
pamper	-1924	66	704
bouillabaisse	-1599	70	722
bailiff	-1575	68	722
obedient	-1541	67	727
paddock	-2003	64	749
sacrificial	-2029	65	762
disappointingly	-2038	64	802
vile	-2025	64	817
conscript	-2048	64	851
blackcurrant	-2047	64	868
digestibility	-2027	64	931
effusion	-1993	65	934
microbiologist	-1955	64	939
ballpark	-1978	65	946
straightaway	-2046	69	974
discernible	-1991	64	962
conscription	-2018	70	984
# ./tmp/henge-en10k/region/r.-4.2.mca
hairdo	-1907	69	1292
debility	-1876	70	1307
offering	-1873	70	1324
contextual	-1861	68	1343
decade	-1847	69	1329
vacuous	-1851	67	1368
subcontinent	-2038	72	1384
talkative	-1877	67	1386
disparage	-1940	69	1405
reactant	-1916	69	1409
fudge	-2036	68	1436
rapacious	-1931	71	1451
fetish	-1906	72	1449
mackerel	-1995	66	1476
repackage	-2002	64	1504
chaperone	-1970	66	1504
recluse	-2015	63	1522
# ./tmp/henge-en10k/region/r.-4.3.mca
# ./tmp/henge-en10k/region/r.-5.-1.mca
cole	-2557	64	-369
factually	-2513	69	-366
# ./tmp/henge-en10k/region/r.-5.-2.mca
# ./tmp/henge-en10k/region/r.-5.0.mca
butchery	-2211	64	476
anchorman	-2229	69	501
# ./tmp/henge-en10k/region/r.-5.1.mca
bastion	-2198	69	517
impacted	-2147	70	520
clairaudience	-2097	64	542
arboretum	-2128	67	549
modem	-2051	69	575
ferment	-2143	64	596
participatory	-2074	65	594
carouse	-2112	67	631
abscissa	-2230	63	671
bluff	-2136	64	667
blackish	-2211	63	694
capitalistic	-2072	65	688
bookcase	-2205	64	712
athenaeum	-2202	64	735
bachelor	-2174	66	731
marathon	-2105	64	733
ignominious	-2229	64	755
backgammon	-2207	64	758
precedent	-2163	64	759
wickedly	-2131	67	761
convalescence	-2094	64	773
dilapidated	-2221	64	798
editorial	-2179	64	790
starling	-2131	64	789
bolt	-2097	64	794
rise	-2064	64	792
wampum	-2112	64	807
abandon	-2087	63	814
emerge	-2173	68	826
steed	-2097	63	826
unscramble	-2075	63	827
sculptor	-2053	64	828
condom	-2211	63	842
scorn	-2070	64	855
auditor	-2226	64	870
obsequiousness	-2075	71	916
aircrew	-2073	72	938
banish	-2073	71	964
expectation	-2120	65	981
macrophage	-2060	70	987
# ./tmp/henge-en10k/region/r.-5.2.mca
nuance	-2155	69	1047
carpentry	-2168	67	1063
abuse	-2126	69	1070
functionality	-2145	67	1095
padre	-2300	70	1114
arum	-2173	68	1105
diligence	-2124	70	1112
hardback	-2154	67	1122
scornful	-2323	71	1142
bazar	-2287	69	1152
almond	-2257	68	1159
pecan	-2226	67	1160
infamy	-2273	70	1178
autonomous	-2302	70	1187
disapprove	-2240	69	1187
machismo	-2372	64	1212
foal	-2340	65	1207
gabby	-2348	64	1227
ricer	-2332	64	1227
stamp	-2268	65	1259
daemon	-2337	63	1265
habitual	-2324	63	1299
salable	-2275	69	1305
efficacious	-2236	70	1300
deanery	-2103	77	1307
diagnose	-2315	64	1327
probate	-2194	70	1327
agora	-2296	64	1339
decease	-2164	69	1332
barb	-2204	69	1355
palindrome	-2147	69	1345
intensification	-2269	90	1401
gush	-2319	90	1421
defeat	-2276	90	1417
abracadabra	-2059	71	1409
passion	-2304	88	1439
courageous	-2261	90	1426
lucidity	-2320	88	1465
decapitation	-2455	71	1475
pianist	-2050	64	1473
binge	-2424	68	1488
beret	-2333	90	1494
straddle	-2132	64	1503
placate	-2419	67	1516
gallant	-2400	67	1513
brolly	-2316	88	1516
wallboard	-2231	64	1515
borehole	-2339	89	1521
virago	-2260	64	1533
seafarer	-2087	64	1526
# ./tmp/henge-en10k/region/r.-5.3.mca
objective	-2402	66	1538
antarctic	-2355	64	1563
airplay	-2286	64	1559
monarchy	-2266	64	1564
atmospheric	-2251	64	1554
anticoagulant	-2338	64	1568
brown	-2225	67	1574
scrub	-2087	64	1570
stabbing	-2263	64	1585
tot	-2069	63	1585
armband	-2346	64	1605
depersonalization	-2416	89	1616
gangster	-2306	64	1620
Inca	-2439	88	1642
gin	-2416	88	1642
loach	-2401	88	1656
metal	-2425	88	1665
incalculable	-2417	88	1689
# ./tmp/henge-en10k/region/r.-50.30.mca
# ./tmp/henge-en10k/region/r.-52.30.mca
# ./tmp/henge-en10k/region/r.-54.36.mca
# ./tmp/henge-en10k/region/r.-55.21.mca
# ./tmp/henge-en10k/region/r.-56.20.mca
# ./tmp/henge-en10k/region/r.-59.36.mca
# ./tmp/henge-en10k/region/r.-6.-1.mca
prickle	-3028	71	-405
flatboat	-2707	64	-405
din	-2680	64	-406
baccarat	-2976	67	-390
evenhanded	-2938	69	-397
reparation	-2744	64	-399
succeed	-3071	66	-372
ironically	-2955	69	-377
alabaster	-3068	66	-356
dateline	-3029	68	-358
dish	-2777	72	-359
pact	-2636	64	-345
contemporaneously	-2624	64	-351
behemoth	-2605	64	-346
Kaiser	-2573	64	-351
neat	-2974	71	-336
paddle	-2748	72	-333
retain	-2602	63	-326
markdown	-2578	64	-326
sulfate	-3011	69	-314
scheme	-2952	71	-306
brunch	-2740	73	-314
carpel	-2871	68	-298
obfuscation	-2613	64	-298
heredity	-2596	63	-290
defamatory	-2571	64	-302
abide	-2889	65	-275
apocryphal	-2833	66	-278
seaport	-2936	71	-259
facecloth	-2795	64	-267
coiffure	-2609	64	-266
rescission	-2987	69	-253
apocalypse	-2773	64	-252
ditch	-2569	64	-245
naira	-2580	63	-232
buckskin	-2959	69	-220
par	-2562	64	-170
bluegrass	-2594	64	-148
asset	-2578	64	-147
# ./tmp/henge-en10k/region/r.-6.-2.mca
# ./tmp/henge-en10k/region/r.-6.-57.mca
# ./tmp/henge-en10k/region/r.-6.0.mca
# ./tmp/henge-en10k/region/r.-6.1.mca
# ./tmp/henge-en10k/region/r.-6.2.mca
# ./tmp/henge-en10k/region/r.-6.3.mca
# ./tmp/henge-en10k/region/r.-60.24.mca
# ./tmp/henge-en10k/region/r.-60.38.mca
# ./tmp/henge-en10k/region/r.-69.54.mca
# ./tmp/henge-en10k/region/r.-7.-1.mca
coddle	-3333	64	-498
accelerometer	-3359	64	-481
suffer	-3165	70	-485
satchel	-3124	72	-482
bin	-3192	70	-469
reprehensible	-3154	71	-474
tabulation	-3183	70	-454
nocturnal	-3154	70	-455
savage	-3108	72	-451
anatomic	-3317	64	-438
rage	-3271	70	-421
bailiff	-3088	66	-420
commandment	-3313	69	-399
wiggle	-3152	69	-385
advent	-3081	66	-396
archaic	-3339	69	-374
dammit	-3319	70	-378
catafalque	-3291	69	-375
haggard	-3259	70	-380
diabetic	-3273	69	-353
teahouse	-3151	67	-360
takeout	-3091	66	-358
apostle	-3244	69	-347
coop	-3332	68	-331
glacier	-3306	70	-325
feasible	-3276	69	-328
paramilitary	-3087	68	-326
tame	-3289	69	-296
leaguer	-3248	71	-297
cerise	-3218	71	-278
cadmium	-3148	73	-273
accede	-3130	72	-284
crack	-3104	68	-260
conceive	-3144	69	-245
keel	-3084	69	-249
plea	-3123	72	-205
polemic	-3150	71	-192
disappear	-3168	70	-156
traceable	-3327	70	-119
penetrate	-3286	70	-128
precariously	-3246	72	-125
bootstrap	-3153	69	-128
firelight	-3351	69	-105
van	-3236	72	-104
refrain	-3328	70	-95
straight	-3343	69	-80
desecrate	-3291	63	-79
electrode	-3207	74	-41
toastmaster	-3179	69	-12
# ./tmp/henge-en10k/region/r.-7.-2.mca
mull	-3409	73	-940
infernal	-3379	72	-943
exclusionary	-3379	71	-923
absolutism	-3414	71	-899
dearly	-3383	71	-888
artillery	-3438	70	-870
embassy	-3449	70	-849
anatomy	-3466	69	-824
heifer	-3447	69	-825
elephantine	-3498	69	-800
carat	-3471	67	-800
deceive	-3523	71	-777
tangent	-3441	64	-757
cohesion	-3492	64	-736
lube	-3440	69	-657
remake	-3471	63	-590
falter	-3457	64	-565
immaculately	-3387	64	-560
laity	-3326	67	-560
surcease	-3202	69	-546
utensil	-3125	69	-553
parish	-3344	64	-544
readiness	-3152	67	-540
atelier	-3089	70	-544
satiny	-3177	69	-526
# ./tmp/henge-en10k/region/r.-7.-3.mca
# ./tmp/henge-en10k/region/r.-7.0.mca
afoot	-3204	71	32
# ./tmp/henge-en10k/region/r.-7.1.mca
# ./tmp/henge-en10k/region/r.-70.33.mca
# ./tmp/henge-en10k/region/r.-71.58.mca
# ./tmp/henge-en10k/region/r.-73.16.mca
# ./tmp/henge-en10k/region/r.-74.18.mca
# ./tmp/henge-en10k/region/r.-74.56.mca
# ./tmp/henge-en10k/region/r.-75.15.mca
# ./tmp/henge-en10k/region/r.-75.18.mca
# ./tmp/henge-en10k/region/r.-76.19.mca
# ./tmp/henge-en10k/region/r.-78.55.mca
# ./tmp/henge-en10k/region/r.-78.56.mca
# ./tmp/henge-en10k/region/r.-8.-1.mca
# ./tmp/henge-en10k/region/r.-8.-2.mca
# ./tmp/henge-en10k/region/r.-8.-3.mca
# ./tmp/henge-en10k/region/r.-8.-54.mca
# ./tmp/henge-en10k/region/r.-9.-52.mca
# ./tmp/henge-en10k/region/r.-94.-19.mca
# ./tmp/henge-en10k/region/r.0.-1.mca
legibility	1	64	-507
mucky	44	64	-502
archetype	88	70	-502
awn	185	63	-503
behind	217	63	-509
aplomb	267	64	-511
astronomer	194	63	-485
broadside	323	66	-495
daily	7	64	-473
macaw	35	64	-468
sporadic	151	63	-474
amber	175	63	-470
cartwheel	285	64	-479
Cain	17	68	-451
fabricate	157	63	-450
brilliant	271	63	-449
barbie	429	78	-449
examiner	108	64	-435
cobblestone	128	64	-440
assassin	13	71	-423
acknowledge	414	78	-429
adaptive	30	70	-409
abeyance	155	64	-408
baluster	308	64	-403
gauss	40	70	-396
cecal	292	63	-397
moat	67	69	-373
carbide	139	64	-372
broadcast	288	63	-371
hagfish	306	63	-384
circumflex	326	63	-383
collaborate	351	67	-371
afield	377	69	-375
misadventure	52	68	-354
redden	99	64	-363
ascribe	408	71	-338
indenture	22	68	-332
harborage	79	65	-332
aristocrat	77	65	-310
reject	156	64	-293
sallow	139	64	-272
drapery	153	63	-231
blackbird	128	81	-212
arch	142	71	-187
vacancy	159	72	-178
accentuate	147	68	-69
banana	81	68	-63
bonanza	81	68	-48
Babbitt	80	68	-23
# ./tmp/henge-en10k/region/r.0.-2.mca
habitation	88	69	-1018
inaccurate	35	67	-962
aconite	66	67	-966
billionaire	51	67	-946
archdeacon	31	66	-927
effervescence	5	71	-901
departure	60	71	-911
aluminum	66	68	-892
unanimity	45	68	-877
purchase	10	68	-862
indecent	121	64	-604
analog	147	64	-582
galvanic	123	63	-562
acceptability	158	64	-561
concupiscence	42	63	-549
parachutist	29	63	-532
harry	52	64	-530
Bahrein	156	63	-533
bedridden	281	64	-531
beaux	100	71	-526
fealty	183	64	-523
eclipse	293	64	-514
# ./tmp/henge-en10k/region/r.0.-3.mca
bachelor	19	70	-1147
ignorant	5	70	-1128
ballot	20	69	-1107
beg	70	70	-1088
aromatherapy	92	70	-1076
wee	61	69	-1057
bravely	92	69	-1041
wan	65	69	-1029
# ./tmp/henge-en10k/region/r.0.0.mca
contractile	92	68	0
across	0	82	20
beet	41	70	34
airstream	13	72	48
indict	37	68	63
impersonal	76	65	74
peasant	36	69	109
ponce	64	69	107
delusional	26	76	132
cannery	174	69	471
dalmatian	302	71	486
dampen	288	71	505
# ./tmp/henge-en10k/region/r.0.1.mca
alpine	162	65	514
approved	211	71	522
dachshund	232	71	525
calcite	192	68	539
birdbrain	73	72	569
announcer	102	71	601
redeem	119	71	615
sangfroid	95	71	632
apart	119	66	654
# ./tmp/henge-en10k/region/r.0.12.mca
# ./tmp/henge-en10k/region/r.0.2.mca
# ./tmp/henge-en10k/region/r.1.-1.mca
# ./tmp/henge-en10k/region/r.1.-2.mca
# ./tmp/henge-en10k/region/r.1.-25.mca
# ./tmp/henge-en10k/region/r.1.0.mca
# ./tmp/henge-en10k/region/r.1.1.mca
# ./tmp/henge-en10k/region/r.1.4.mca
# ./tmp/henge-en10k/region/r.10.-28.mca
# ./tmp/henge-en10k/region/r.2.-1.mca
# ./tmp/henge-en10k/region/r.2.-37.mca
# ./tmp/henge-en10k/region/r.2.0.mca
# ./tmp/henge-en10k/region/r.4.-39.mca
# ./tmp/henge-en10k/region/r.4.23.mca
# ./tmp/henge-en10k/region/r.5.-31.mca
# ./tmp/henge-en10k/region/r.6.-24.mca
# ./tmp/henge-en10k/region/r.7.-21.mca
# ./tmp/henge-en10k/region/r.7.-24.mca
# ./tmp/henge-en10k/region/r.7.-36.mca
