-250	83	-499	b_ce	belligerence
-24	64	-475	_sant	antidepressant
-497	79	-452	p_ment	parchment
-52	63	-461	no_ion	nomination
-21	69	-450	_lash	backlash
-54	64	-436	_lage	assemblage
-138	69	-211	t_id	tabloid
-142	70	-189	_ggle	boggle
-491	63	-133	_site	apposite
-337	75	-135	_tick	broomstick
-473	63	-112	_rove	approve
-460	63	-97	day_	daybed
-293	73	-102	_sque	arabesque
-269	72	-101	_bar	cinnabar
-133	64	-108	ab_nt	abandonment
-484	64	-86	g_ous	gaseous
-466	64	-81	b_om	backroom
-245	72	-95	XXX _arch/_rch	arch
-291	70	-66	_cap	foolscap
-261	73	-69	_rnal	carnal
-127	64	-78	_udge	adjudge
-478	64	-60	XXX co_ous/con_us	coniferous
-474	67	-38	d_ay	daresay
-122	69	-34	comp_n	companion
-95	70	-46	_sel	carousel
-72	70	-22	p_it	pandit
-502	64	-1	c_ory	celebratory
-118	68	-3	t_per	tamper
-90	70	-13	_ssy	bossy
-252	64	-964	_ste	aftertaste
-231	64	-952	an_te	anchorite
-177	69	-956	cont_tion	contamination
-144	68	-949	c_ip	cadetship
-18	66	-948	s_ious	sacrilegious
-281	69	-939	g_in	gain
-234	64	-931	_ata	cantata
-118	69	-940	cros_	crossbar
-34	66	-940	f_id	factoid
-57	68	-916	ram_	ram
-8	69	-923	ci_n	cinnamon
-301	64	-883	c_ey	cagey
-123	71	-881	_ior	anterior
-70	70	-892	ap_y	apathy
-9	71	-883	div_e	dive
-311	69	-850	XXX _andy/_ndy	bandy
-247	64	-860	XXX _ait/awa_	await
-228	64	-852	_oil	airfoil
-142	72	-861	_ront	affront
-16	68	-855	s_nder	salamander
-338	69	-847	XXX _bin/bin_	bin
-289	69	-836	gu_t	guest
-68	68	-844	appa_	Appalachian
-333	69	-832	_aper	caper
-253	69	-830	pre_ce	precedence
-220	70	-832	_nna	bandanna
-271	70	-810	_lot	allot
-230	72	-807	_like	alike
-266	71	-789	an_st	analyst
-218	71	-785	XXX _nize/ant_e	antagonize
-177	69	-796	_arer	bearer
-164	72	-777	b_lly	bally
-248	71	-760	_ud	aloud
-220	71	-759	c_ize	cannibalize
-197	70	-760	XXX _ede/acc_e	accede
-292	69	-745	c_onal	cantonal
-235	71	-742	sti_ng	stiffening
-176	70	-752	mu_le	muddle
-349	71	-735	d_ll	dell
-270	71	-726	_tan	capstan
-212	70	-724	_ba	abba
-121	71	-725	for_d	forbid
-358	70	-715	d_age	damage
-316	71	-718	XXX d_nd/da_d	dachshund
-171	67	-714	ti_r	ticker
-323	70	-695	co_ial	coaxial
-258	66	-698	co_ance	cognizance
-198	70	-697	_mia	academia
-83	72	-691	_oma	aroma
-59	71	-692	_rize	accessorize
-234	70	-677	_arm	charm
-179	67	-684	_eau	bandeau
-23	69	-687	b_ast	ballast
-275	65	-663	tr_nt	transcendent
-244	70	-659	deba_	debacle
-162	67	-671	_ange	arrange
-96	73	-668	_hful	bashful
-197	76	-644	_pen	aspen
-125	69	-649	_mist	agronomist
-101	71	-650	_thic	ethic
-73	72	-655	_alk	backtalk
-49	69	-649	_size	assize
-26	64	-655	_mo	ammo
-145	69	-630	_any	accompany
-98	72	-626	_dor	ambassador
-162	69	-624	_fold	billfold
-189	78	-593	_alt	alt.
-63	71	-605	_oor	backdoor
-61	64	-564	_ique	antique
-218	83	-546	_aise	appraise
-171	63	-548	ac_te	accelerate
-42	64	-553	XXX _reen/care_	careen
-263	68	-529	_erm	angiosperm
-33	64	-537	XXX _ady/be_y	beady
-226	82	-516	au_n	auburn
-144	63	-525	_tie	auntie
-66	63	-524	_gal	algal
-43	64	-516	_hen	ashen
-17	64	-525	XXX _ado/ado_	ado
-475	64	-1528	wo_y	wobbly
-311	66	-1535	o_ate	obdurate
-475	64	-1505	_tin	biotin
-451	64	-1517	comp_t	compartment
-451	64	-1492	past_	pasta
-508	63	-1481	v_ce	valance
-466	68	-1447	lad_	lad
-468	68	-1427	prob_	probability
-490	67	-1418	su_ive	subjective
-487	77	-1222	gen_e	gendarme
-508	76	-1209	XXX _reen/care_	careen
-465	77	-1209	_sic	amnesic
-496	76	-1192	_ffle	baffle
-440	79	-1194	be_n	beacon
-2	70	-1142	orc_	orca
-12	70	-1140	l_id	languid
-330	63	-1785	_tery	adultery
-440	63	-1762	con_or	condor
-492	64	-1659	c_ncy	captaincy
-452	64	-1651	pa_m	pacifism
-395	68	-1650	_cket	bracket
-482	64	-1644	und_e	undeceive
-484	64	-1616	ma_al	madrigal
-452	64	-1597	_llow	allow
-475	64	-1577	l_ter	lackluster
-422	64	-1581	d_ful	deceitful
-391	67	-1575	_gn	align
-380	67	-1555	acc_ion	acceleration
-487	64	-1543	to_n	toboggan
-468	63	-1552	_tute	astute
-431	64	-1548	_nent	abstinent
-343	66	-1552	XXX _ape/ag_e	agape
-291	64	-1552	mist_	mist
-427	64	8	_some	awesome
-167	67	9	_lve	absolve
-143	68	0	_rrow	barrow
-475	64	31	_era	caldera
-443	63	27	XXX _bel/b_el	babel
-87	71	28	i_se	immense
-161	67	36	ch_k	chalk
-68	71	33	wel_	weld
-425	63	51	ex_ive	excessive
-7	73	57	_tify	certify
-487	64	64	s_tter	scatter
-302	64	64	_shy	ashy
-272	66	69	_zy	boozy
-78	66	70	_osh	bosh
-61	67	70	_ummy	chummy
-34	70	65	pr_le	practicable
-475	64	89	conf_e	confederate
-169	63	95	_mmy	clammy
-34	70	86	repu_	republic
-489	64	100	conf_on	confabulation
-390	64	104	_ngle	angle
-100	67	101	_ndly	blandly
-85	67	106	_eak	beak
-458	63	126	r_el	rappel
-436	63	119	_ank	clank
-214	69	123	_nty	aplenty
-56	66	123	_ume	assume
-271	64	139	_nion	anion
-189	73	141	_ney	attorney
-82	64	138	_ndle	brindle
-200	72	159	_eep	asleep
-166	70	156	_cus	abacus
-133	68	144	_ggy	baggy
-352	63	166	_bic	acerbic
-177	70	165	_ilt	gilt
-145	68	167	_ump	bump
-126	70	185	_die	baddie
-414	64	197	_rp	burp
-308	64	206	_appy	chappy
-230	65	206	_amp	champ
-184	64	198	_cope	cope
-430	64	216	da_r	dabbler
-367	64	214	_mony	acrimony
-325	64	223	_mper	bumper
-201	66	209	_cant	applicant
-161	64	209	_ddy	biddy
-147	64	216	XXX _eek/_ek	cheek
-400	65	231	_rl	burl
-380	66	232	_ench	clench
-287	65	237	_date	accommodate
-264	66	233	_ang	bang
-235	64	235	_aze	ablaze
-382	67	249	_fire	afire
-322	63	250	_elt	belt
-223	64	245	_ab	blab
-472	67	265	sti_r	sticker
-263	63	260	_lop	clop
-499	66	284	o_rd	onward
-467	70	284	i_iate	immediate
-313	63	273	XXX _bble/b_ble	babble
-250	63	272	_kly	biweekly
-496	66	298	a_rt	abort
-319	63	297	XXX _aff/c_f	caff
-503	67	308	_well	dwell
-490	69	316	_mage	afterimage
-222	64	307	cor_l	coral
-491	69	330	_lite	cellulite
-265	64	320	_duct	abduct
-504	71	349	_lee	coulee
-376	63	351	_mble	amble
-467	69	358	_ult	assault
-354	64	362	_hop	archbishop
-496	69	381	_ract	cataract
-454	69	371	_icle	antiparticle
-433	71	373	f_ble	fable
-465	72	384	_dom	boredom
-440	72	393	XXX _ege/all_e	allege
-354	71	390	_amer	creamer
-309	71	396	con_ate	concatenate
-339	82	402	c_nd	colorblind
-463	77	478	tend_	tend
-477	76	494	subs_e	subscribe
-420	77	481	a_in	abstain
-437	78	505	_very	antislavery
-384	77	502	eli_	elicit
-358	77	505	e_re	earthenware
-504	76	525	_rel	cockerel
-478	76	520	r_ue	reissue
-416	75	522	v_ate	vacate
-450	72	540	_tz	blitz
-361	78	539	di_ry	diary
-335	80	545	_ager	cottager
-327	80	584	se_nt	sealant
-917	64	-509	_rish	amateurish
-797	67	-505	_ital	capital
-600	80	-501	mo_n	moan
-934	64	-496	accu_	acculturate
-721	67	-492	_ipe	bagpipe
-995	66	-471	m_se	madhouse
-819	69	-473	XXX _andy/_ndy	bandy
-781	64	-469	lo_g	loading
-721	68	-467	int_te	integrate
-702	64	-467	hy_n	hybridization
-615	79	-472	m_ous	magnanimous
-1010	65	-456	d_ally	dally
-816	69	-452	_rop	agitprop
-781	64	-452	hat_	hat
-993	64	-442	XXX exp_ion/exp_tion	expectation
-656	63	-432	dau_	daub
-625	63	-427	_yte	acolyte
-604	64	-422	_ye	aye
-525	77	-425	_ord	accord
-639	63	-413	c_nal	canal
-750	63	-390	_ef	brief
-702	64	-390	em_e	emanate
-682	64	-392	_aine	chatelaine
-624	63	-396	ap_te	Aphrodite
-608	66	-396	lo_t	lobbyist
-579	64	-370	dep_t	depart
-695	64	-356	_horn	bighorn
-579	64	-356	fam_	fam
-820	64	-352	_ray	array
-710	66	-336	_vert	advert
-976	64	-290	pro_t	procurement
-939	68	-292	car_y	caraway
-708	64	-295	_uent	affluent
-647	63	-282	_ti	agouti
-615	64	-278	XXX _nery/c_ery	cannery
-633	64	-266	_ece	apiece
-970	69	-244	pa_ic	pacific
-941	67	-243	recu_	recumbent
-991	69	-239	v_m	vacuum
-983	69	-221	qua_y	quackery
-998	67	-200	dis_te	disconsolate
-1012	68	-168	c_la	campanula
-990	69	-163	_erie	aerie
-1013	69	-146	de_tor	debtor
-593	64	-57	_racy	accuracy
-578	64	-47	_illy	billy
-585	64	-25	_illa	chinchilla
-549	68	-31	_nics	avionics
-874	86	-3	_iny	brainy
-557	68	-8	_llet	ballet
-684	64	-1004	f_ce	farce
-745	65	-983	XXX _ait/awa_	await
-690	64	-977	c_ny	cacophony
-769	64	-965	_nish	admonish
-736	65	-961	w_le	waddle
-710	64	-973	infe_	infect
-691	64	-963	broo_	brooch
-770	64	-946	_tail	cocktail
-754	65	-938	equa_	equable
-877	70	-669	bri_e	bribe
-857	71	-668	c_cal	canonical
-833	69	-646	des_e	descriptive
-851	69	-628	n_ive	naive
-817	72	-611	XXX _lish/a_sh	abolish
-795	73	-593	b_ness	badness
-1019	64	-590	gn_	gnarl
-982	64	-559	p_logy	paleontology
-949	66	-542	rot_	rot
-742	64	-529	_ach	bleach
-940	65	-524	as_n	ascension
-900	64	-522	_pa	cuppa
-758	64	-513	dism_	dismal
-723	64	-526	j_al	jackal
-951	70	-1529	desc_	descale
-520	67	-1524	pr_se	praise
-1011	67	-1506	c_late	calculate
-590	71	-1512	tam_	TAM
-945	70	-1503	ma_te	machete
-986	70	-1481	mu_n	muffin
-576	64	-1474	rid_	rid
-540	64	-1477	ex_ate	exacerbate
-973	70	-1464	_ury	augury
-852	69	-1463	as_y	ascendancy
-813	64	-1464	su_te	subjugate
-632	63	-1462	_lain	chamberlain
-614	63	-1470	s_ia	salvia
-551	64	-1464	pre_tion	precaution
-583	64	-1456	pr_ry	precautionary
-897	66	-1433	m_re	macabre
-900	64	-1414	ce_e	ceasefire
-551	66	-1423	_tent	competent
-892	68	-1362	_iter	arbiter
-876	68	-1376	com_le	combustible
-811	64	-1363	_ib	bib
-876	68	-1354	_mit	admit
-841	63	-1346	_rent	abhorrent
-589	77	-1360	cast_	cast
-603	78	-1342	cha_y	chalky
-878	71	-1320	spin_	spinach
-849	63	-1321	ze_	zeal
-828	63	-1324	_rim	brim
-810	64	-1328	disc_n	discern
-592	82	-1316	emba_	embalm
-783	64	-1305	_read	bedspread
-759	64	-1290	b_ck	backtrack
-579	79	-1294	wa_t	waft
-885	68	-1270	r_sion	readmission
-716	64	-1278	di_ive	digestive
-585	79	-1277	tra_t	tracksuit
-844	64	-1260	fe_t	feast
-628	86	-1260	pe_ce	peace
-720	64	-1239	_esis	antithesis
-567	75	-1242	_tern	astern
-730	64	-1231	mass_	mass
-584	79	-1204	s_nd	saraband
-540	72	-1209	_idal	bridal
-746	63	-1185	a_id	acrid
-535	75	-1189	te_t	teat
-797	63	-1182	rig_	rig
-981	70	-1618	c_sh	calabash
-933	70	-1621	XXX de_se/dece_	decease
-555	64	-1615	_nant	complainant
-533	64	-1612	re_ry	reactionary
-941	71	-1598	r_ish	radish
-581	66	-1593	ab_ion	abbreviation
-553	64	-1587	ac_t	accompaniment
-524	64	-1588	_down	breakdown
-608	65	-1579	_val	adjectival
-1020	67	-1562	shee_	sheen
-988	71	-1554	set_	seta
-931	76	-1559	revo_	revocable
-585	68	-1564	up_d	Upanishad
-513	64	-1562	ve_y	vehemently
-1009	70	-1546	so_er	sober
-971	71	-1538	reg_e	regale
-552	63	-1542	r_ist	radiologist
-534	63	-1547	_aid	aforesaid
-564	64	32	_ete	athlete
-524	63	40	_ngy	clingy
-540	64	68	_pple	apple
-536	64	92	_take	betake
-554	64	109	_ttle	battle
-519	64	147	_ull	bull
-533	73	318	a_x	affix
-534	72	334	_sta	barista
-519	70	320	_rin	aspirin
-522	71	335	_mn	autumn
-986	67	490	f_ity	facility
-543	76	490	ta_r	tabor
-956	67	503	gra_n	graben
-931	67	498	_ount	account
-525	75	507	ad_tion	adaptation
-986	70	527	_shot	bloodshot
-963	67	543	XXX _ape/ag_e	agape
-944	66	534	_athy	antipathy
-522	74	534	m_de	magnitude
-945	68	559	XXX h_sh/ha_h	hagfish
-1119	72	-501	_ader	crusader
-1084	74	-504	d_nate	decontaminate
-1064	70	-488	XXX _eek/_ek	cheek
-1028	69	-493	_iety	anxiety
-1044	69	-464	fel_	feldspar
-1227	69	-433	_uth	azimuth
-1030	64	-441	m_gy	mangy
-1222	69	-403	divi_	divide
-1169	67	-414	dis_le	disagreeable
-1192	68	-395	_eave	bereave
-1169	66	-390	clo_d	cloaked
-1049	68	-360	h_en	handmaiden
-1167	72	-321	sp_ly	sparingly
-1093	68	-332	_aim	acclaim
-1074	68	-333	r_der	raider
-1148	71	-316	imm_e	immaculate
-1133	70	-319	n_nt	nascent
-1082	68	-306	mis_t	misconduct
-1164	71	-292	XXX _bble/b_ble	babble
-1118	66	-292	br_h	brackish
-1206	66	-284	cha_n	chagrin
-1248	69	-258	pe_ty	peaty
-1195	64	-262	cl_t	claimant
-1169	66	-249	insi_	insider
-1196	68	-237	mo_ly	mockingly
-1214	69	-216	q_l	quadrennial
-1156	68	-218	ca_le	cable
-1102	67	-215	com_te	commemorate
-1036	64	-212	ai_e	aide
-1181	70	-198	_irt	dirt
-1031	68	-189	s_ld	scaffold
-1271	69	-165	pr_st	pragmatist
-1083	68	-161	fr_n	fraction
-1209	71	-156	st_h	stagecoach
-1135	65	-152	pe_ve	peeve
-1071	69	-132	va_n	vacation
-1264	69	-115	da_y	daddy
-1235	69	-126	com_nt	combatant
-1208	69	-113	desp_	despair
-1081	68	-113	y_n	yachtsman
-1042	70	-124	gr_er	grabber
-1091	68	-85	a_logy	analogy
-1076	68	-91	h_logy	hematology
-1065	68	-96	c_logy	cardiology
-1039	68	-90	t_logy	tautology
-1292	63	-68	inc_ion	incantation
-1064	68	-77	e_logy	ecology
-1111	69	-50	p_ch	parch
-1064	68	-54	m_logy	meteorology
-1283	63	-42	o_k	oak
-1076	80	-14	ob_y	obediently
-1154	68	-600	_real	arboreal
-1137	72	-580	co_o	cockatoo
-1051	64	-561	_ife	afterlife
-1031	64	-568	_erse	adverse
-1139	72	-555	_sage	corsage
-1086	63	-555	co_cy	coherency
-1068	64	-553	_mark	benchmark
-1106	74	-540	_oric	allegoric
-1031	64	-535	_idly	avidly
-1072	74	-518	_arge	barge
-1035	68	-1534	_dian	circadian
-1037	68	-1612	v_o	verso
-1040	67	-1592	s_ure	scripture
-1039	67	-1573	pe_tion	penetration
-1051	68	-1553	s_out	scout
-1324	69	323	vic_	vicar
-1306	69	320	or_e	oracle
-1374	70	346	col_l	collateral
-1325	68	347	a_ary	actuary
-1311	69	344	conv_ion	convection
-1368	70	360	atta_	attaboy
-1316	69	364	gru_	grub
-1259	71	357	asc_	ascend
-1399	69	379	XXX _ado/ado_	ado
-1369	67	381	res_nt	resent
-1348	67	378	e_ess	eagerness
-1279	70	369	crit_	crit
-1243	70	371	_tar	altar
-1477	68	399	_ush	ambush
-1445	69	395	_iac	amnesiac
-1418	69	385	bo_y	bobby
-1389	68	399	per_l	perceptual
-1301	68	399	cre_e	crease
-1456	70	414	a_rd	aboard
-1405	68	413	sei_	seigneur
-1233	64	414	_pose	adipose
-1535	68	418	p_ious	parsimonious
-1504	64	428	_rman	airman
-1157	64	419	_rst	bratwurst
-1115	64	418	ext_e	extensive
-1412	67	433	_zo	bozo
-1162	64	438	_rce	coerce
-1115	64	445	fl_e	flagstone
-1068	66	444	b_nd	bandstand
-1232	65	449	_une	autoimmune
-1208	71	460	XXX co_ous/con_us	coniferous
-1253	65	467	_vate	aggravate
-1126	64	473	ab_y	abbey
-1310	66	493	_emic	academic
-1282	71	490	_ctly	abjectly
-1153	64	492	a_atic	achromatic
-1108	65	487	a_me	academe
-1337	68	507	_alty	admiralty
-1115	64	509	_so	also
-1414	72	527	_af	cloverleaf
-1152	64	520	_rade	abrade
-1133	64	516	h_te	hallucinate
-1454	69	539	_ptic	antiseptic
-1430	72	541	_nage	badinage
-1331	68	531	_hore	ashore
-1159	64	535	_urn	adjourn
-1093	67	534	_hine	chine
-1512	72	556	as_t	ascendant
-1491	73	561	_eate	aureate
-1461	69	565	_agon	bandwagon
-1387	69	565	_rip	airstrip
-1360	70	570	_rely	austerely
-1336	68	575	_gan	brogan
-1425	70	582	_ica	angelica
-1383	69	590	_ino	albino
-1317	68	592	_ella	chlorella
-1519	71	614	nit_	nit
-1427	69	622	c_ot	carrot
-1389	68	619	bet_	beta
-1172	72	613	f_o	falsetto
-1535	69	638	d_in	deerskin
-1496	68	628	nom_	nomad
-1444	71	636	mu_r	Muenster
-1197	72	635	XXX _ege/all_e	allege
-1173	72	633	s_ery	saddlery
-1210	72	653	p_ue	pedagogue
-1525	67	660	_cide	coincide
-1479	70	669	a_nd	abound
-1341	70	686	wi_l	wildfowl
-1531	67	689	_pace	aerospace
-1500	70	694	le_n	leaden
-1398	73	696	_rve	carve
-1362	69	694	_ley	alley
-1520	69	715	cl_p	clamp
-1480	70	712	de_ment	debasement
-1428	71	718	op_y	opacity
-1217	70	709	_dant	abundant
-1171	64	707	cont_t	containment
-1497	69	733	_rdly	absurdly
-1408	71	735	pre_l	preferential
-1355	70	730	_lous	anomalous
-1327	69	733	p_ful	painful
-1162	64	723	pi_y	picky
-1394	71	752	_ride	astride
-1292	69	771	_mity	amity
-1351	72	790	_uss	blunderbuss
-1268	67	797	_oe	aloe
-1240	67	795	_raph	autograph
-1329	71	805	XXX in_rate/ina_e	inaccurate
-1292	69	815	_owl	bowl
-1324	67	854	d_rate	degenerate
-1267	63	851	ju_y	jubilantly
-1242	63	856	b_ery	bakery
-1302	64	866	_rism	aphorism
-1331	64	882	b_us	bacillus
-1290	64	884	_nel	colonel
-1234	64	894	XXX _bel/b_el	babel
-1225	64	885	_olar	alveolar
-1318	64	901	g_an	gamelan
-1283	64	910	exc_y	exceedingly
-1220	64	904	_un	bun
-1254	64	913	l_ous	laborious
-1202	64	921	fo_le	foible
-1182	64	920	pro_al	problematical
-1189	64	938	exc_on	excavation
-1284	68	956	a_ial	actuarial
-1253	64	945	ac_tion	acclamation
-1188	64	962	_stry	ancestry
-1166	64	973	r_de	rawhide
-1146	64	963	gli_	glib
-1873	64	116	pa_nt	pageant
-1877	64	145	y_r	yammer
-1852	64	155	XXX _nize/ant_e	antagonize
-1770	66	150	_the	absinthe
-1743	64	145	a_ant	aberrant
-1695	64	144	e_is	electrolysis
-1667	63	144	dent_	dent
-1822	64	174	dip_	dip
-1743	64	166	spa_e	space
-1694	63	163	_ough	borough
-1677	63	166	v_or	valor
-1859	64	190	wi_ss	wickedness
-1842	64	179	XXX _aint/acqu_	acquaint
-1760	65	179	XXX _ady/be_y	beady
-1674	63	183	_nine	adenine
-1834	64	196	_vy	anchovy
-1809	64	192	p_ence	patience
-1781	64	200	_fly	barfly
-1870	63	216	_uch	couch
-1903	64	238	m_able	maintainable
-1885	63	227	_acle	barnacle
-1915	63	269	di_ble	dibble
-1890	64	256	b_ht	baht
-1926	64	285	ex_nt	excrement
-1700	64	287	_air	affair
-1884	63	290	b_ine	baseline
-1623	69	296	_lary	ancillary
-1588	68	298	m_ss	madness
-1900	64	317	w_re	ware
-1638	69	316	l_ate	lactate
-1929	67	348	_rit	bowsprit
-1686	68	345	b_ial	bacterial
-1562	69	348	o_ry	obituary
-1941	68	368	cal_e	calaboose
-1545	68	373	_eral	bilateral
-1933	69	393	_ache	ache
-1917	69	384	_ni	alumni
-1717	64	385	c_il	civil
-1687	65	384	_oke	bespoke
-1925	67	411	o_nce	obedience
-1909	64	415	cro_d	croaked
-1894	64	400	_ense	condense
-1589	66	438	en_r	enabler
-1647	68	509	s_ze	sanitize
-1599	71	496	XXX _aff/c_f	caff
-1603	71	518	al_y	alacrity
-1964	69	536	cont_d	contained
-1683	69	554	li_g	liberating
-1580	71	544	a_lly	acoustically
-1561	71	550	vo_e	vogue
-2033	69	564	la_ly	laboriously
-1947	69	566	m_ate	magistrate
-1593	70	563	ine_ble	inedible
-1597	69	589	cr_le	crackle
-1573	69	588	n_ss	nameless
-2027	63	594	o_ous	oblivious
-1732	68	610	d_sion	declension
-1673	63	623	gh_	ghastly
-1623	72	609	_wear	footwear
-1697	63	630	m_cal	maniacal
-2034	67	652	_nor	assignor
-1735	69	644	domi_	domicile
-1609	69	643	del_e	delectable
-1552	69	650	XXX _aint/acqu_	acquaint
-2024	67	669	_eft	bereft
-1958	67	662	n_ce	negligence
-1624	69	666	a_ure	abjure
-1588	69	681	p_ge	parentage
-1550	69	681	_lm	balm
-1984	71	699	j_n	japan
-1616	69	688	XXX _lish/a_sh	abolish
-2019	72	713	_stly	bristly
-1950	68	709	m_um	magnum
-1924	66	704	p_per	pamper
-1599	70	722	_sse	bouillabaisse
-1575	68	722	XXX _iff/b_f	bailiff
-1541	67	727	o_ent	obedient
-2003	64	749	p_ck	paddock
-2029	65	762	s_ial	sacrificial
-2038	64	802	dis_ly	disappointingly
-2025	64	817	vil_	vile
-2048	64	851	_ipt	conscript
-2047	64	868	bl_t	blackcurrant
-2027	64	931	di_ty	digestibility
-1993	65	934	e_sion	effusion
-1955	64	939	mi_st	microbiologist
-1978	65	946	b_rk	ballpark
-2046	69	974	str_y	straightaway
-1991	64	962	disc_e	discernible
-2018	70	984	cons_tion	conscription
-1907	69	1292	h_o	hairdo
-1876	70	1307	de_ty	debility
-1873	70	1324	o_ring	offering
-1861	68	1343	_tual	contextual
-1847	69	1329	deca_	decade
-1851	67	1368	v_ous	vacuous
-2038	72	1384	su_nt	subcontinent
-1877	67	1386	t_ve	talkative
-1940	69	1405	disp_e	disparage
-1916	69	1409	re_ant	reactant
-2036	68	1436	fu_e	fudge
-1931	71	1451	r_ous	rapacious
-1906	72	1449	f_sh	fetish
-1995	66	1476	m_el	mackerel
-2002	64	1504	repa_	repackage
-1970	66	1504	_rone	chaperone
-2015	63	1522	re_se	recluse
-2557	64	-369	col_e	cole
-2513	69	-366	f_lly	factually
-2211	64	476	_hery	butchery
-2229	69	501	an_n	anchorman
-2198	69	517	b_ion	bastion
-2147	70	520	impa_	impacted
-2097	64	542	cla_e	clairaudience
-2128	67	549	_tum	arboretum
-2051	69	575	mo_m	modem
-2143	64	596	f_ent	ferment
-2074	65	594	p_ory	participatory
-2112	67	631	c_use	carouse
-2230	63	671	_sa	abscissa
-2136	64	667	_uff	bluff
-2211	63	694	bl_h	blackish
-2072	65	688	c_tic	capitalistic
-2205	64	712	_case	bookcase
-2202	64	735	_eum	athenaeum
-2174	66	731	XXX _lor/b_or	bachelor
-2105	64	733	mar_n	marathon
-2229	64	755	i_ious	ignominious
-2207	64	758	_mon	backgammon
-2163	64	759	pr_ent	precedent
-2131	67	761	wi_ly	wickedly
-2094	64	773	conv_e	convalescence
-2221	64	798	dil_	dilapidated
-2179	64	790	e_ial	editorial
-2131	64	789	st_ling	starling
-2097	64	794	_olt	bolt
-2064	64	792	ris_	rise
-2112	64	807	w_m	wampum
-2087	63	814	_don	abandon
-2173	68	826	e_ge	emerge
-2097	63	826	stee_	steed
-2075	63	827	uns_e	unscramble
-2053	64	828	s_tor	sculptor
-2211	63	842	con_m	condom
-2070	64	855	s_rn	scorn
-2226	64	870	_itor	auditor
-2075	71	916	o_ss	obsequiousness
-2073	72	938	_rew	aircrew
-2073	71	964	b_ish	banish
-2120	65	981	XXX exp_ion/exp_tion	expectation
-2060	70	987	m_age	macrophage
-2155	69	1047	nu_e	nuance
-2168	67	1063	_ntry	carpentry
-2126	69	1070	a_se	abuse
-2145	67	1095	fu_y	functionality
-2300	70	1114	p_re	padre
-2173	68	1105	_rum	arum
-2124	70	1112	di_ce	diligence
-2154	67	1122	hard_	hardback
-2323	71	1142	s_ul	scornful
-2287	69	1152	b_ar	bazar
-2257	68	1159	_ond	almond
-2226	67	1160	pec_	pecan
-2273	70	1178	inf_y	infamy
-2302	70	1187	_mous	autonomous
-2240	69	1187	dis_ve	disapprove
-2372	64	1212	ma_o	machismo
-2340	65	1207	fo_l	foal
-2348	64	1227	ga_y	gabby
-2332	64	1227	ri_r	ricer
-2268	65	1259	st_p	stamp
-2337	63	1265	da_n	daemon
-2324	63	1299	ha_l	habitual
-2275	69	1305	sal_e	salable
-2236	70	1300	e_ous	efficacious
-2103	77	1307	de_ry	deanery
-2315	64	1327	di_se	diagnose
-2194	70	1327	pro_te	probate
-2296	64	1339	_ora	agora
-2164	69	1332	XXX de_se/dece_	decease
-2204	69	1355	_rb	barb
-2147	69	1345	p_me	palindrome
-2269	90	1401	inte_tion	intensification
-2319	90	1421	gus_	gush
-2276	90	1417	def_t	defeat
-2059	71	1409	_bra	abracadabra
-2304	88	1439	p_sion	passion
-2261	90	1426	cour_	courageous
-2320	88	1465	lu_y	lucidity
-2455	71	1475	dec_tion	decapitation
-2050	64	1473	pi_t	pianist
-2424	68	1488	_inge	binge
-2333	90	1494	_ret	beret
-2132	64	1503	str_e	straddle
-2419	67	1516	pla_e	placate
-2400	67	1513	g_nt	gallant
-2316	88	1516	_olly	brolly
-2231	64	1515	w_rd	wallboard
-2339	89	1521	_hole	borehole
-2260	64	1533	vir_	virago
-2087	64	1526	se_er	seafarer
-2402	66	1538	o_ive	objective
-2355	64	1563	_ctic	antarctic
-2286	64	1559	_play	airplay
-2266	64	1564	mon_y	monarchy
-2251	64	1554	_eric	atmospheric
-2338	64	1568	_lant	anticoagulant
-2225	67	1574	_rown	brown
-2087	64	1570	scru_	scrub
-2263	64	1585	sta_g	stabbing
-2069	63	1585	tot_	tot
-2346	64	1605	_band	armband
-2416	89	1616	dep_n	depersonalization
-2306	64	1620	g_ter	gangster
-2439	88	1642	inca_	Inca
-2416	88	1642	gin_	gin
-2401	88	1656	loa_	loach
-2425	88	1665	met_l	metal
-2417	88	1689	inc_le	incalculable
-3028	71	-405	pri_e	prickle
-2707	64	-405	flat_	flatboat
-2680	64	-406	din_	din
-2976	67	-390	b_at	baccarat
-2938	69	-397	even_	evenhanded
-2744	64	-399	rep_ion	reparation
-3071	66	-372	succ_	succeed
-2955	69	-377	ir_y	ironically
-3068	66	-356	ala_	alabaster
-3029	68	-358	d_ine	dateline
-2777	72	-359	dish_	dish
-2636	64	-345	p_ct	pact
-2624	64	-351	cont_y	contemporaneously
-2605	64	-346	b_th	behemoth
-2573	64	-351	k_r	Kaiser
-2974	71	-336	ne_t	neat
-2748	72	-333	pa_le	paddle
-2602	63	-326	ret_n	retain
-2578	64	-326	mark_	markdown
-3011	69	-314	sul_	sulfate
-2952	71	-306	s_me	scheme
-2740	73	-314	_unch	brunch
-2871	68	-298	_pel	carpel
-2613	64	-298	ob_n	obfuscation
-2596	63	-290	h_ity	heredity
-2571	64	-302	def_y	defamatory
-2889	65	-275	a_de	abide
-2833	66	-278	_hal	apocryphal
-2936	71	-259	s_rt	seaport
-2795	64	-267	f_th	facecloth
-2609	64	-266	co_re	coiffure
-2987	69	-253	res_n	rescission
-2773	64	-252	_pse	apocalypse
-2569	64	-245	_itch	ditch
-2580	63	-232	n_a	naira
-2959	69	-220	bu_n	buckskin
-2562	64	-170	p_ar	par
-2594	64	-148	_rass	bluegrass
-2578	64	-147	_set	asset
-3333	64	-498	_ddle	coddle
-3359	64	-481	a_ter	accelerometer
-3165	70	-485	suf_	suffer
-3124	72	-482	s_el	satchel
-3192	70	-469	XXX _bin/bin_	bin
-3154	71	-474	repr_e	reprehensible
-3183	70	-454	ta_n	tabulation
-3154	70	-455	no_l	nocturnal
-3108	72	-451	sav_	savage
-3317	64	-438	_omic	anatomic
-3271	70	-421	r_ge	rage
-3088	66	-420	XXX _iff/b_f	bailiff
-3313	69	-399	co_ment	commandment
-3152	69	-385	wi_e	wiggle
-3081	66	-396	adve_	advent
-3339	69	-374	ar_c	archaic
-3319	70	-378	d_it	dammit
-3291	69	-375	c_ue	catafalque
-3259	70	-380	h_rd	haggard
-3273	69	-353	di_c	diabetic
-3151	67	-360	t_se	teahouse
-3091	66	-358	t_ut	takeout
-3244	69	-347	_stle	apostle
-3332	68	-331	_oop	coop
-3306	70	-325	gl_r	glacier
-3276	69	-328	fe_e	feasible
-3087	68	-326	p_ary	paramilitary
-3289	69	-296	t_me	tame
-3248	71	-297	le_r	leaguer
-3218	71	-278	c_ise	cerise
-3148	73	-273	c_ium	cadmium
-3130	72	-284	XXX _ede/acc_e	accede
-3104	68	-260	cr_k	crack
-3144	69	-245	con_ive	conceive
-3084	69	-249	k_l	keel
-3123	72	-205	plea_	plea
-3150	71	-192	po_c	polemic
-3168	70	-156	dis_r	disappear
-3327	70	-119	tr_ble	traceable
-3286	70	-128	pe_te	penetrate
-3246	72	-125	pre_ly	precariously
-3153	69	-128	_rap	bootstrap
-3351	69	-105	f_ght	firelight
-3236	72	-104	van_	van
-3328	70	-95	re_in	refrain
-3343	69	-80	str_t	straight
-3291	63	-79	dese_	desecrate
-3207	74	-41	e_de	electrode
-3179	69	-12	to_r	toastmaster
-3409	73	-940	mu_l	mull
-3379	72	-943	in_nal	infernal
-3379	71	-923	ex_ry	exclusionary
-3414	71	-899	_tism	absolutism
-3383	71	-888	_arly	dearly
-3438	70	-870	_lery	artillery
-3449	70	-849	em_y	embassy
-3466	69	-824	_tomy	anatomy
-3447	69	-825	hei_	heifer
-3498	69	-800	e_ne	elephantine
-3471	67	-800	c_at	carat
-3523	71	-777	de_ive	deceive
-3441	64	-757	t_ent	tangent
-3492	64	-736	co_sion	cohesion
-3440	69	-657	lu_e	lube
-3471	63	-590	rem_e	remake
-3457	64	-565	f_ter	falter
-3387	64	-560	im_ly	immaculately
-3326	67	-560	l_ity	laity
-3202	69	-546	sur_e	surcease
-3125	69	-553	ut_	utensil
-3344	64	-544	p_ish	parish
-3152	67	-540	re_ess	readiness
-3089	70	-544	_lier	atelier
-3177	69	-526	s_ny	satiny
-3204	71	32	_oot	afoot
1	64	-507	legi_	legibility
44	64	-502	mu_y	mucky
88	70	-502	_type	archetype
185	63	-503	_awn	awn
217	63	-509	_ind	behind
267	64	-511	_mb	aplomb
194	63	-485	_omer	astronomer
323	66	-495	bro_e	broadside
7	64	-473	dai_	daily
35	64	-468	m_w	macaw
151	63	-474	spor_	sporadic
175	63	-470	_mber	amber
285	64	-479	_eel	cartwheel
17	68	-451	c_ain	Cain
157	63	-450	f_ate	fabricate
271	63	-449	_iant	brilliant
429	78	-449	bar_e	barbie
108	64	-435	ex_r	examiner
128	64	-440	co_ne	cobblestone
13	71	-423	_sin	assassin
414	78	-429	_edge	acknowledge
30	70	-409	ad_ive	adaptive
155	64	-408	a_ance	abeyance
308	64	-403	b_ster	baluster
40	70	-396	g_ss	gauss
292	63	-397	ce_l	cecal
67	69	-373	mo_t	moat
139	64	-372	c_ide	carbide
288	63	-371	_cast	broadcast
306	63	-384	XXX h_sh/ha_h	hagfish
326	63	-383	_lex	circumflex
351	67	-371	co_rate	collaborate
377	69	-375	_ield	afield
52	68	-354	mis_e	misadventure
99	64	-363	red_n	redden
408	71	-338	_ibe	ascribe
22	68	-332	in_re	indenture
79	65	-332	h_ge	harborage
77	65	-310	_rat	aristocrat
156	64	-293	rej_	reject
139	64	-272	s_ow	sallow
153	63	-231	dr_y	drapery
128	81	-212	_ird	blackbird
142	71	-187	XXX _arch/_rch	arch
159	72	-178	va_y	vacancy
147	68	-69	_uate	accentuate
81	68	-63	_ana	banana
81	68	-48	_za	bonanza
80	68	-23	_tt	Babbitt
88	69	-1018	h_ion	habitation
35	67	-962	XXX in_rate/ina_e	inaccurate
66	67	-966	_nite	aconite
51	67	-946	_aire	billionaire
31	66	-927	_con	archdeacon
5	71	-901	e_ence	effervescence
60	71	-911	dep_e	departure
66	68	-892	_num	aluminum
45	68	-877	un_ty	unanimity
10	68	-862	pur_e	purchase
121	64	-604	ind_t	indecent
147	64	-582	_log	analog
123	63	-562	_anic	galvanic
158	64	-561	acc_y	acceptability
42	63	-549	con_ence	concupiscence
29	63	-532	par_t	parachutist
52	64	-530	_arry	harry
156	63	-533	_ein	Bahrein
281	64	-531	_dden	bedridden
100	71	-526	_ux	beaux
183	64	-523	fe_y	fealty
293	64	-514	e_se	eclipse
19	70	-1147	XXX _lor/b_or	bachelor
5	70	-1128	i_ant	ignorant
20	69	-1107	b_ot	ballot
70	70	-1088	_eg	beg
92	70	-1076	_apy	aromatherapy
61	69	-1057	wee_	wee
92	69	-1041	br_ly	bravely
65	69	-1029	wan_	wan
92	68	0	_tile	contractile
0	82	20	_oss	across
41	70	34	_eet	beet
13	72	48	_ream	airstream
37	68	63	in_ct	indict
76	65	74	i_onal	impersonal
36	69	109	pe_nt	peasant
64	69	107	pon_	ponce
26	76	132	d_nal	delusional
174	69	471	XXX _nery/c_ery	cannery
302	71	486	d_an	dalmatian
288	71	505	d_en	dampen
162	65	514	_pine	alpine
211	71	522	_oved	approved
232	71	525	XXX d_nd/da_d	dachshund
192	68	539	ca_te	calcite
73	72	569	_rain	birdbrain
102	71	601	_ncer	announcer
119	71	615	rede_	redeem
95	71	632	s_id	sangfroid
119	66	654	ap_t	apart
