1	-223	64	245	_ab	blab
2	-742	64	-529	_ach	bleach
3	-1933	69	393	_ache	ache
4	-1885	63	227	_acle	barnacle
5	-1119	72	-501	_ader	crusader
6	-17	64	-525	_ado	ado
7	-33	64	-537	_ady	beady
8	-1414	72	527	_af	cloverleaf
9	-1599	71	496	_aff	caff
10	-335	80	545	_ager	cottager
11	-1461	69	565	_agon	bandwagon
12	-534	63	-1547	_aid	aforesaid
13	-1093	68	-332	_aim	acclaim
14	-682	64	-392	_aine	chatelaine
15	-1842	64	179	_aint	acquaint
16	-1700	64	287	_air	affair
17	51	67	-946	_aire	billionaire
18	-218	83	-546	_aise	appraise
19	-247	64	-860	_ait	await
20	-73	72	-655	_alk	backtalk
21	-189	78	-593	_alt	alt.
22	-1337	68	507	_alty	admiralty
23	-354	71	390	_amer	creamer
24	-230	65	206	_amp	champ
25	81	68	-63	_ana	banana
26	-819	69	-473	_andy	bandy
27	-264	66	233	_ang	bang
28	-162	67	-671	_ange	arrange
29	123	63	-562	_anic	galvanic
30	-436	63	119	_ank	clank
31	-145	69	-630	_any	accompany
32	-963	67	543	_ape	agape
33	-333	69	-832	_aper	caper
34	-308	64	206	_appy	chappy
35	92	70	-1076	_apy	aromatherapy
36	142	71	-187	_arch	arch
37	-177	69	-796	_arer	bearer
38	-1072	74	-518	_arge	barge
39	-3383	71	-888	_arly	dearly
40	-234	70	-677	_arm	charm
41	52	64	-530	_arry	harry
42	-234	64	-931	_ata	cantata
43	-944	66	534	_athy	antipathy
44	185	63	-503	_awn	awn
45	-235	64	235	_aze	ablaze
46	-212	70	-724	_ba	abba
47	-2346	64	1605	_band	armband
48	-269	72	-101	_bar	cinnabar
49	-313	63	273	_bble	babble
50	-1234	64	894	_bel	babel
51	-352	63	166	_bic	acerbic
52	-338	69	-847	_bin	bin
53	-2059	71	1409	_bra	abracadabra
54	-201	66	209	_cant	applicant
55	-291	70	-66	_cap	foolscap
56	-2205	64	712	_case	bookcase
57	288	63	-371	_cast	broadcast
58	-1525	67	660	_cide	coincide
59	-395	68	-1650	_cket	bracket
60	31	66	-927	_con	archdeacon
61	-184	64	198	_cope	cope
62	-2355	64	1563	_ctic	antarctic
63	-1282	71	490	_ctly	abjectly
64	-166	70	156	_cus	abacus
65	-1217	70	709	_dant	abundant
66	-287	65	237	_date	accommodate
67	281	64	-531	_dden	bedridden
68	-3333	64	-498	_ddle	coddle
69	-161	64	209	_ddy	biddy
70	-1035	68	-1534	_dian	circadian
71	-126	70	185	_die	baddie
72	-465	72	384	_dom	boredom
73	-2087	63	814	_don	abandon
74	-98	72	-626	_dor	ambassador
75	-524	64	-1588	_down	breakdown
76	-265	64	320	_duct	abduct
77	-85	67	106	_eak	beak
78	-1491	73	561	_eate	aureate
79	-179	67	-684	_eau	bandeau
80	-1192	68	-395	_eave	bereave
81	-633	64	-266	_ece	apiece
82	-197	70	-760	_ede	accede
83	414	78	-429	_edge	acknowledge
84	-147	64	216	_eek	cheek
85	285	64	-479	_eel	cartwheel
86	-200	72	159	_eep	asleep
87	41	70	34	_eet	beet
88	-750	63	-390	_ef	brief
89	-2024	67	669	_eft	bereft
90	70	70	-1088	_eg	beg
91	-440	72	393	_ege	allege
92	156	63	-533	_ein	Bahrein
93	-1064	70	-488	_ek	cheek
94	-1317	68	592	_ella	chlorella
95	-322	63	250	_elt	belt
96	-1310	66	493	_emic	academic
97	-380	66	232	_ench	clench
98	-1894	64	400	_ense	condense
99	-475	64	31	_era	caldera
100	-1545	68	373	_eral	bilateral
101	-2251	64	1554	_eric	atmospheric
102	-990	69	-163	_erie	aerie
103	-263	68	-529	_erm	angiosperm
104	-1031	64	-568	_erse	adverse
105	-720	64	-1239	_esis	antithesis
106	-564	64	32	_ete	athlete
107	-2202	64	735	_eum	athenaeum
108	-496	76	-1192	_ffle	baffle
109	-382	67	249	_fire	afire
110	-1781	64	200	_fly	barfly
111	-162	69	-624	_fold	billfold
112	-66	63	-524	_gal	algal
113	-1336	68	575	_gan	brogan
114	-142	70	-189	_ggle	boggle
115	-133	68	144	_ggy	baggy
116	-391	67	-1575	_gn	align
117	-2833	66	-278	_hal	apocryphal
118	-43	64	-516	_hen	ashen
119	-2211	64	476	_hery	butchery
120	-96	73	-668	_hful	bashful
121	-1093	67	534	_hine	chine
122	-2339	89	1521	_hole	borehole
123	-354	64	362	_hop	archbishop
124	-1331	68	531	_hore	ashore
125	-695	64	-356	_horn	bighorn
126	-1445	69	395	_iac	amnesiac
127	271	63	-449	_iant	brilliant
128	-811	64	-1363	_ib	bib
129	408	71	-338	_ibe	ascribe
130	-1425	70	582	_ica	angelica
131	-454	69	371	_icle	antiparticle
132	-540	72	-1209	_idal	bridal
133	-1031	64	-535	_idly	avidly
134	377	69	-375	_ield	afield
135	-1028	69	-493	_iety	anxiety
136	-1051	64	-561	_ife	afterlife
137	-3088	66	-420	_iff	bailiff
138	-585	64	-25	_illa	chinchilla
139	-578	64	-47	_illy	billy
140	-177	70	165	_ilt	gilt
141	217	63	-509	_ind	behind
142	-2424	68	1488	_inge	binge
143	-1383	69	590	_ino	albino
144	-874	86	-3	_iny	brainy
145	-123	71	-881	_ior	anterior
146	-721	67	-492	_ipe	bagpipe
147	-2048	64	851	_ipt	conscript
148	-61	64	-564	_ique	antique
149	128	81	-212	_ird	blackbird
150	-1181	70	-198	_irt	dirt
151	-797	67	-505	_ital	capital
152	-2569	64	-245	_itch	ditch
153	-892	68	-1362	_iter	arbiter
154	-2226	64	870	_itor	auditor
155	-250	63	272	_kly	biweekly
156	-54	64	-436	_lage	assemblage
157	-632	63	-1462	_lain	chamberlain
158	-2338	64	1568	_lant	anticoagulant
159	-1623	69	296	_lary	ancillary
160	-21	69	-450	_lash	backlash
161	-504	71	349	_lee	coulee
162	-3438	70	-870	_lery	artillery
163	326	63	-383	_lex	circumflex
164	-1362	69	694	_ley	alley
165	-3089	70	-544	_lier	atelier
166	-230	72	-807	_like	alike
167	-817	72	-611	_lish	abolish
168	-491	69	330	_lite	cellulite
169	-557	68	-8	_llet	ballet
170	-452	64	-1597	_llow	allow
171	-1550	69	681	_lm	balm
172	147	64	-582	_log	analog
173	-263	63	260	_lop	clop
174	-2174	66	731	_lor	bachelor
175	-271	70	-810	_lot	allot
176	-1355	70	730	_lous	anomalous
177	-167	67	9	_lve	absolve
178	-490	69	316	_mage	afterimage
179	-1068	64	-553	_mark	benchmark
180	267	64	-511	_mb	aplomb
181	175	63	-470	_mber	amber
182	-376	63	351	_mble	amble
183	-198	70	-697	_mia	academia
184	-125	69	-649	_mist	agronomist
185	-876	68	-1354	_mit	admit
186	-1292	69	771	_mity	amity
187	-169	63	95	_mmy	clammy
188	-522	71	335	_mn	autumn
189	-26	64	-655	_mo	ammo
190	-2207	64	758	_mon	backgammon
191	-367	64	214	_mony	acrimony
192	-2302	70	1187	_mous	autonomous
193	-325	64	223	_mper	bumper
194	-1430	72	541	_nage	badinage
195	-555	64	-1615	_nant	complainant
196	102	71	601	_ncer	announcer
197	-82	64	138	_ndle	brindle
198	-100	67	101	_ndly	blandly
199	-311	69	-850	_ndy	bandy
200	-1290	64	884	_nel	colonel
201	-431	64	-1548	_nent	abstinent
202	174	69	471	_nery	cannery
203	-189	73	141	_ney	attorney
204	-390	64	104	_ngle	angle
205	-524	63	40	_ngy	clingy
206	-1917	69	384	_ni	alumni
207	-549	68	-31	_nics	avionics
208	-1674	63	183	_nine	adenine
209	-271	64	139	_nion	anion
210	-769	64	-965	_nish	admonish
211	66	67	-966	_nite	aconite
212	-1852	64	155	_nize	antagonize
213	-220	70	-832	_nna	bandanna
214	-2034	67	652	_nor	assignor
215	-2168	67	1063	_ntry	carpentry
216	-214	69	123	_nty	aplenty
217	66	68	-892	_num	aluminum
218	-1268	67	797	_oe	aloe
219	-228	64	-852	_oil	airfoil
220	-1687	65	384	_oke	bespoke
221	-1225	64	885	_olar	alveolar
222	-2316	88	1516	_olly	brolly
223	-2097	64	794	_olt	bolt
224	-83	72	-691	_oma	aroma
225	194	63	-485	_omer	astronomer
226	-3317	64	-438	_omic	anatomic
227	-2257	68	1159	_ond	almond
228	-3332	68	-331	_oop	coop
229	-63	71	-605	_oor	backdoor
230	-3204	71	32	_oot	afoot
231	-2296	64	1339	_ora	agora
232	-525	77	-425	_ord	accord
233	-1106	74	-540	_oric	allegoric
234	-78	66	70	_osh	bosh
235	0	82	20	_oss	across
236	-1694	63	163	_ough	borough
237	-931	67	498	_ount	account
238	211	71	522	_oved	approved
239	-1292	69	815	_owl	bowl
240	-900	64	-522	_pa	cuppa
241	-1531	67	689	_pace	aerospace
242	-2871	68	-298	_pel	carpel
243	-197	76	-644	_pen	aspen
244	162	65	514	_pine	alpine
245	-2286	64	1559	_play	airplay
246	-1233	64	414	_pose	adipose
247	-540	64	68	_pple	apple
248	-2773	64	-252	_pse	apocalypse
249	-1454	69	539	_ptic	antiseptic
250	-496	69	381	_ract	cataract
251	-593	64	-57	_racy	accuracy
252	-1152	64	520	_rade	abrade
253	73	72	569	_rain	birdbrain
254	-3153	69	-128	_rap	bootstrap
255	-1240	67	795	_raph	autograph
256	-2594	64	-148	_rass	bluegrass
257	77	65	-310	_rat	aristocrat
258	-820	64	-352	_ray	array
259	-2204	69	1355	_rb	barb
260	-1162	64	438	_rce	coerce
261	-245	72	-95	_rch	arch
262	-1497	69	733	_rdly	absurdly
263	-783	64	-1305	_read	bedspread
264	-1154	68	-600	_real	arboreal
265	13	72	48	_ream	airstream
266	-42	64	-553	_reen	careen
267	-504	76	525	_rel	cockerel
268	-1360	70	570	_rely	austerely
269	-841	63	-1346	_rent	abhorrent
270	-2333	90	1494	_ret	beret
271	-2073	72	938	_rew	aircrew
272	-1394	71	752	_ride	astride
273	-828	63	-1324	_rim	brim
274	-519	70	320	_rin	aspirin
275	-1387	69	565	_rip	airstrip
276	-917	64	-509	_rish	amateurish
277	-1302	64	866	_rism	aphorism
278	-1929	67	348	_rit	bowsprit
279	-59	71	-692	_rize	accessorize
280	-400	65	231	_rl	burl
281	-1504	64	428	_rman	airman
282	-261	73	-69	_rnal	carnal
283	-1970	66	1504	_rone	chaperone
284	-142	72	-861	_ront	affront
285	-816	69	-452	_rop	agitprop
286	-473	63	-112	_rove	approve
287	-2225	67	1574	_rown	brown
288	-414	64	197	_rp	burp
289	-143	68	0	_rrow	barrow
290	-1157	64	419	_rst	bratwurst
291	-2173	68	1105	_rum	arum
292	-1398	73	696	_rve	carve
293	-2230	63	671	_sa	abscissa
294	-1139	72	-555	_sage	corsage
295	-24	64	-475	_sant	antidepressant
296	-95	70	-46	_sel	carousel
297	-2578	64	-147	_set	asset
298	-986	70	527	_shot	bloodshot
299	-302	64	64	_shy	ashy
300	-465	77	-1209	_sic	amnesic
301	13	71	-423	_sin	assassin
302	-491	63	-133	_site	apposite
303	-49	69	-649	_size	assize
304	-1115	64	509	_so	also
305	-427	64	8	_some	awesome
306	-293	73	-102	_sque	arabesque
307	-1599	70	722	_sse	bouillabaisse
308	-90	70	-13	_ssy	bossy
309	-534	72	334	_sta	barista
310	-252	64	-964	_ste	aftertaste
311	-3244	69	-347	_stle	apostle
312	-2019	72	713	_stly	bristly
313	-1188	64	962	_stry	ancestry
314	-770	64	-946	_tail	cocktail
315	-536	64	92	_take	betake
316	-270	71	-726	_tan	capstan
317	-1243	70	371	_tar	altar
318	-551	66	-1423	_tent	competent
319	-567	75	-1242	_tern	astern
320	-330	63	-1785	_tery	adultery
321	-1770	66	150	_the	absinthe
322	-101	71	-650	_thic	ethic
323	-647	63	-282	_ti	agouti
324	-337	75	-135	_tick	broomstick
325	-144	63	-525	_tie	auntie
326	-7	73	57	_tify	certify
327	92	68	0	_tile	contractile
328	-475	64	-1505	_tin	biotin
329	-3414	71	-899	_tism	absolutism
330	-3466	69	-824	_tomy	anatomy
331	80	68	-23	_tt	Babbitt
332	-554	64	109	_ttle	battle
333	-1861	68	1343	_tual	contextual
334	-2128	67	549	_tum	arboretum
335	-468	63	-1552	_tute	astute
336	88	70	-502	_type	archetype
337	-450	72	540	_tz	blitz
338	147	68	-69	_uate	accentuate
339	-1870	63	216	_uch	couch
340	-248	71	-760	_ud	aloud
341	-127	64	-78	_udge	adjudge
342	-708	64	-295	_uent	affluent
343	-2136	64	667	_uff	bluff
344	-519	64	147	_ull	bull
345	-467	69	358	_ult	assault
346	-56	66	123	_ume	assume
347	-61	67	70	_ummy	chummy
348	-145	68	167	_ump	bump
349	-1220	64	904	_un	bun
350	-2740	73	-314	_unch	brunch
351	-1232	65	449	_une	autoimmune
352	-1159	64	535	_urn	adjourn
353	-973	70	-1464	_ury	augury
354	-1477	68	399	_ush	ambush
355	-1351	72	790	_uss	blunderbuss
356	-1227	69	-433	_uth	azimuth
357	100	71	-526	_ux	beaux
358	-608	65	-1579	_val	adjectival
359	-1253	65	467	_vate	aggravate
360	-710	66	-336	_vert	advert
361	-437	78	505	_very	antislavery
362	-1834	64	196	_vy	anchovy
363	-1623	72	609	_wear	footwear
364	-503	67	308	_well	dwell
365	-604	64	-422	_ye	aye
366	-625	63	-427	_yte	acolyte
367	81	68	-48	_za	bonanza
368	-1412	67	433	_zo	bozo
369	-272	66	69	_zy	boozy
370	155	64	-408	a_ance	abeyance
371	-1743	64	145	a_ant	aberrant
372	-1325	68	347	a_ary	actuary
373	-1153	64	492	a_atic	achromatic
374	-2889	65	-275	a_de	abide
375	-1284	68	956	a_ial	actuarial
376	-746	63	-1185	a_id	acrid
377	-420	77	481	a_in	abstain
378	-1580	71	544	a_lly	acoustically
379	-1091	68	-85	a_logy	analogy
380	-1108	65	487	a_me	academe
381	-1479	70	669	a_nd	abound
382	-1456	70	414	a_rd	aboard
383	-496	66	298	a_rt	abort
384	-2126	69	1070	a_se	abuse
385	-1616	69	688	a_sh	abolish
386	-3359	64	-481	a_ter	accelerometer
387	-1624	69	666	a_ure	abjure
388	-533	73	318	a_x	affix
389	-581	66	-1593	ab_ion	abbreviation
390	-133	64	-108	ab_nt	abandonment
391	-1126	64	473	ab_y	abbey
392	-553	64	-1587	ac_t	accompaniment
393	-171	63	-548	ac_te	accelerate
394	-1253	64	945	ac_tion	acclamation
395	-3130	72	-284	acc_e	accede
396	-380	67	-1555	acc_ion	acceleration
397	158	64	-561	acc_y	acceptability
398	-934	64	-496	accu_	acculturate
399	-1552	69	650	acqu_	acquaint
400	30	70	-409	ad_ive	adaptive
401	-525	75	507	ad_tion	adaptation
402	-1399	69	379	ado_	ado
403	-3081	66	-396	adve_	advent
404	-343	66	-1552	ag_e	agape
405	-1036	64	-212	ai_e	aide
406	-1603	71	518	al_y	alacrity
407	-3068	66	-356	ala_	alabaster
408	-1197	72	635	all_e	allege
409	-2229	69	501	an_n	anchorman
410	-266	71	-789	an_st	analyst
411	-231	64	-952	an_te	anchorite
412	-218	71	-785	ant_e	antagonize
413	119	66	654	ap_t	apart
414	-624	63	-396	ap_te	Aphrodite
415	-70	70	-892	ap_y	apathy
416	-68	68	-844	appa_	Appalachian
417	-3339	69	-374	ar_c	archaic
418	-940	65	-524	as_n	ascension
419	-1512	72	556	as_t	ascendant
420	-852	69	-1463	as_y	ascendancy
421	-1259	71	357	asc_	ascend
422	-1368	70	360	atta_	attaboy
423	-226	82	-516	au_n	auburn
424	-745	65	-983	awa_	await
425	-2287	69	1152	b_ar	bazar
426	-23	69	-687	b_ast	ballast
427	-2976	67	-390	b_at	baccarat
428	-1164	71	-292	b_ble	babble
429	-250	83	-499	b_ce	belligerence
430	-759	64	-1290	b_ck	backtrack
431	-443	63	27	b_el	babel
432	-1242	63	856	b_ery	bakery
433	-1575	68	722	b_f	bailiff
434	-1890	64	256	b_ht	baht
435	-1686	68	345	b_ial	bacterial
436	-1884	63	290	b_ine	baseline
437	-2198	69	517	b_ion	bastion
438	-2073	71	964	b_ish	banish
439	-164	72	-777	b_lly	bally
440	-1068	66	444	b_nd	bandstand
441	-795	73	-593	b_ness	badness
442	-466	64	-81	b_om	backroom
443	19	70	-1147	b_or	bachelor
444	20	69	-1107	b_ot	ballot
445	-1978	65	946	b_rk	ballpark
446	308	64	-403	b_ster	baluster
447	-2605	64	-346	b_th	behemoth
448	-1331	64	882	b_us	bacillus
449	429	78	-449	bar_e	barbie
450	-440	79	-1194	be_n	beacon
451	-1760	65	179	be_y	beady
452	-1389	68	619	bet_	beta
453	-3192	70	-469	bin_	bin
454	-2211	63	694	bl_h	blackish
455	-2047	64	868	bl_t	blackcurrant
456	-1418	69	385	bo_y	bobby
457	-1118	66	-292	br_h	brackish
458	92	69	-1041	br_ly	bravely
459	-877	70	-669	bri_e	bribe
460	323	66	-495	bro_e	broadside
461	-691	64	-963	broo_	brooch
462	-2959	69	-220	bu_n	buckskin
463	17	68	-451	c_ain	Cain
464	-3471	67	-800	c_at	carat
465	-857	71	-668	c_cal	canonical
466	-615	64	-278	c_ery	cannery
467	-301	64	-883	c_ey	cagey
468	-319	63	297	c_f	caff
469	139	64	-372	c_ide	carbide
470	-1717	64	385	c_il	civil
471	-144	68	-949	c_ip	cadetship
472	-3218	71	-278	c_ise	cerise
473	-3148	73	-273	c_ium	cadmium
474	-220	71	-759	c_ize	cannibalize
475	-1012	68	-168	c_la	campanula
476	-1011	67	-1506	c_late	calculate
477	-1065	68	-96	c_logy	cardiology
478	-639	63	-413	c_nal	canal
479	-492	64	-1659	c_ncy	captaincy
480	-339	82	402	c_nd	colorblind
481	-690	64	-977	c_ny	cacophony
482	-292	69	-745	c_onal	cantonal
483	-502	64	-1	c_ory	celebratory
484	-1427	69	622	c_ot	carrot
485	-981	70	-1618	c_sh	calabash
486	-2072	65	688	c_tic	capitalistic
487	-3291	69	-375	c_ue	catafalque
488	-2112	67	631	c_use	carouse
489	-1156	68	-218	ca_le	cable
490	192	68	539	ca_te	calcite
491	-1941	68	368	cal_e	calaboose
492	-939	68	-292	car_y	caraway
493	-508	76	-1209	care_	careen
494	-589	77	-1360	cast_	cast
495	-900	64	-1414	ce_e	ceasefire
496	292	63	-397	ce_l	cecal
497	-161	67	36	ch_k	chalk
498	-1206	66	-284	cha_n	chagrin
499	-603	78	-1342	cha_y	chalky
500	-8	69	-923	ci_n	cinnamon
501	-1520	69	715	cl_p	clamp
502	-1195	64	-262	cl_t	claimant
503	-2097	64	542	cla_e	clairaudience
504	-1169	66	-390	clo_d	cloaked
505	-258	66	-698	co_ance	cognizance
506	-1086	63	-555	co_cy	coherency
507	-323	70	-695	co_ial	coaxial
508	-3313	69	-399	co_ment	commandment
509	128	64	-440	co_ne	cobblestone
510	-1137	72	-580	co_o	cockatoo
511	-1208	71	460	co_ous	coniferous
512	351	67	-371	co_rate	collaborate
513	-2609	64	-266	co_re	coiffure
514	-3492	64	-736	co_sion	cohesion
515	-2557	64	-369	col_e	cole
516	-1374	70	346	col_l	collateral
517	-876	68	-1376	com_le	combustible
518	-1235	69	-126	com_nt	combatant
519	-1102	67	-215	com_te	commemorate
520	-122	69	-34	comp_n	companion
521	-451	64	-1517	comp_t	compartment
522	-309	71	396	con_ate	concatenate
523	42	63	-549	con_ence	concupiscence
524	-3144	69	-245	con_ive	conceive
525	-2211	63	842	con_m	condom
526	-440	63	-1762	con_or	condor
527	-478	64	-60	con_us	coniferous
528	-475	64	89	conf_e	confederate
529	-489	64	100	conf_on	confabulation
530	-2018	70	984	cons_tion	conscription
531	-1964	69	536	cont_d	contained
532	-1171	64	707	cont_t	containment
533	-177	69	-956	cont_tion	contamination
534	-2624	64	-351	cont_y	contemporaneously
535	-2094	64	773	conv_e	convalescence
536	-1311	69	344	conv_ion	convection
537	-222	64	307	cor_l	coral
538	-2261	90	1426	cour_	courageous
539	-3104	68	-260	cr_k	crack
540	-1597	69	589	cr_le	crackle
541	-1301	68	399	cre_e	crease
542	-1279	70	369	crit_	crit
543	-1909	64	415	cro_d	croaked
544	-118	69	-940	cros_	crossbar
545	-358	70	-715	d_age	damage
546	-1010	65	-456	d_ally	dally
547	302	71	486	d_an	dalmatian
548	-474	67	-38	d_ay	daresay
549	288	71	505	d_en	dampen
550	-422	64	-1581	d_ful	deceitful
551	-1535	69	638	d_in	deerskin
552	-3029	68	-358	d_ine	dateline
553	-3319	70	-378	d_it	dammit
554	-349	71	-735	d_ll	dell
555	26	76	132	d_nal	delusional
556	-1084	74	-504	d_nate	decontaminate
557	232	71	525	d_nd	dachshund
558	-1324	67	854	d_rate	degenerate
559	-1732	68	610	d_sion	declension
560	-316	71	-718	da_d	dachshund
561	-2337	63	1265	da_n	daemon
562	-430	64	216	da_r	dabbler
563	-1264	69	-115	da_y	daddy
564	7	64	-473	dai_	daily
565	-656	63	-432	dau_	daub
566	-460	63	-97	day_	daybed
567	-3523	71	-777	de_ive	deceive
568	-1480	70	712	de_ment	debasement
569	-2103	77	1307	de_ry	deanery
570	-933	70	-1621	de_se	decease
571	-1013	69	-146	de_tor	debtor
572	-1876	70	1307	de_ty	debility
573	-244	70	-659	deba_	debacle
574	-2455	71	1475	dec_tion	decapitation
575	-1847	69	1329	deca_	decade
576	-2164	69	1332	dece_	decease
577	-2276	90	1417	def_t	defeat
578	-2571	64	-302	def_y	defamatory
579	-1609	69	643	del_e	delectable
580	-1667	63	144	dent_	dent
581	60	71	-911	dep_e	departure
582	-2416	89	1616	dep_n	depersonalization
583	-579	64	-370	dep_t	depart
584	-833	69	-646	des_e	descriptive
585	-951	70	-1529	desc_	descale
586	-3291	63	-79	dese_	desecrate
587	-1208	69	-113	desp_	despair
588	-1915	63	269	di_ble	dibble
589	-3273	69	-353	di_c	diabetic
590	-2124	70	1112	di_ce	diligence
591	-716	64	-1278	di_ive	digestive
592	-361	78	539	di_ry	diary
593	-2315	64	1327	di_se	diagnose
594	-2027	64	931	di_ty	digestibility
595	-2221	64	798	dil_	dilapidated
596	-2680	64	-406	din_	din
597	-1822	64	174	dip_	dip
598	-1169	67	-414	dis_le	disagreeable
599	-2038	64	802	dis_ly	disappointingly
600	-3168	70	-156	dis_r	disappear
601	-998	67	-200	dis_te	disconsolate
602	-2240	69	1187	dis_ve	disapprove
603	-1991	64	962	disc_e	discernible
604	-810	64	-1328	disc_n	discern
605	-2777	72	-359	dish_	dish
606	-758	64	-513	dism_	dismal
607	-1940	69	1405	disp_e	disparage
608	-9	71	-883	div_e	dive
609	-1222	69	-403	divi_	divide
610	-1735	69	644	domi_	domicile
611	153	63	-231	dr_y	drapery
612	-3207	74	-41	e_de	electrode
613	5	71	-901	e_ence	effervescence
614	-1348	67	378	e_ess	eagerness
615	-2173	68	826	e_ge	emerge
616	-2179	64	790	e_ial	editorial
617	-1695	64	144	e_is	electrolysis
618	-1064	68	-77	e_logy	ecology
619	-3498	69	-800	e_ne	elephantine
620	-2236	70	1300	e_ous	efficacious
621	-358	77	505	e_re	earthenware
622	293	64	-514	e_se	eclipse
623	-1993	65	934	e_sion	effusion
624	-384	77	502	eli_	elicit
625	-702	64	-390	em_e	emanate
626	-3449	70	-849	em_y	embassy
627	-592	82	-1316	emba_	embalm
628	-1589	66	438	en_r	enabler
629	-754	65	-938	equa_	equable
630	-2938	69	-397	even_	evenhanded
631	-540	64	-1477	ex_ate	exacerbate
632	-425	63	51	ex_ive	excessive
633	-1926	64	285	ex_nt	excrement
634	108	64	-435	ex_r	examiner
635	-3379	71	-923	ex_ry	exclusionary
636	-1189	64	938	exc_on	excavation
637	-1283	64	910	exc_y	exceedingly
638	-2120	65	981	exp_ion	expectation
639	-993	64	-442	exp_tion	expectation
640	-1115	64	418	ext_e	extensive
641	157	63	-450	f_ate	fabricate
642	-433	71	373	f_ble	fable
643	-684	64	-1004	f_ce	farce
644	-2143	64	596	f_ent	ferment
645	-3351	69	-105	f_ght	firelight
646	-34	66	-940	f_id	factoid
647	-986	67	490	f_ity	facility
648	-2513	69	-366	f_lly	factually
649	-1172	72	613	f_o	falsetto
650	-1906	72	1449	f_sh	fetish
651	-3457	64	-565	f_ter	falter
652	-2795	64	-267	f_th	facecloth
653	-579	64	-356	fam_	fam
654	-3276	69	-328	fe_e	feasible
655	-844	64	-1260	fe_t	feast
656	183	64	-523	fe_y	fealty
657	-1044	69	-464	fel_	feldspar
658	-1115	64	445	fl_e	flagstone
659	-2707	64	-405	flat_	flatboat
660	-2340	65	1207	fo_l	foal
661	-1202	64	921	fo_le	foible
662	-121	71	-725	for_d	forbid
663	-1083	68	-161	fr_n	fraction
664	-2036	68	1436	fu_e	fudge
665	-2145	67	1095	fu_y	functionality
666	-1318	64	901	g_an	gamelan
667	-281	69	-939	g_in	gain
668	-2400	67	1513	g_nt	gallant
669	-484	64	-86	g_ous	gaseous
670	40	70	-396	g_ss	gauss
671	-2306	64	1620	g_ter	gangster
672	-2348	64	1227	ga_y	gabby
673	-487	77	-1222	gen_e	gendarme
674	-1673	63	623	gh_	ghastly
675	-2416	88	1642	gin_	gin
676	-3306	70	-325	gl_r	glacier
677	-1146	64	963	gli_	glib
678	-1019	64	-590	gn_	gnarl
679	-1042	70	-124	gr_er	grabber
680	-956	67	503	gra_n	graben
681	-1316	69	364	gru_	grub
682	-289	69	-836	gu_t	guest
683	-2319	90	1421	gus_	gush
684	-1049	68	-360	h_en	handmaiden
685	79	65	-332	h_ge	harborage
686	88	69	-1018	h_ion	habitation
687	-2596	63	-290	h_ity	heredity
688	-1076	68	-91	h_logy	hematology
689	-1907	69	1292	h_o	hairdo
690	-3259	70	-380	h_rd	haggard
691	-945	68	559	h_sh	hagfish
692	-1133	64	516	h_te	hallucinate
693	306	63	-384	ha_h	hagfish
694	-2324	63	1299	ha_l	habitual
695	-2154	67	1122	hard_	hardback
696	-781	64	-452	hat_	hat
697	-3447	69	-825	hei_	heifer
698	-702	64	-467	hy_n	hybridization
699	5	70	-1128	i_ant	ignorant
700	-467	70	284	i_iate	immediate
701	-2229	64	755	i_ious	ignominious
702	76	65	74	i_onal	impersonal
703	-87	71	28	i_se	immense
704	-3387	64	-560	im_ly	immaculately
705	-1148	71	-316	imm_e	immaculate
706	-2147	70	520	impa_	impacted
707	37	68	63	in_ct	indict
708	-3379	72	-943	in_nal	infernal
709	35	67	-962	in_rate	inaccurate
710	22	68	-332	in_re	indenture
711	-1329	71	805	ina_e	inaccurate
712	-1292	63	-68	inc_ion	incantation
713	-2417	88	1689	inc_le	incalculable
714	-2439	88	1642	inca_	Inca
715	121	64	-604	ind_t	indecent
716	-1593	70	563	ine_ble	inedible
717	-2273	70	1178	inf_y	infamy
718	-710	64	-973	infe_	infect
719	-1169	66	-249	insi_	insider
720	-721	68	-467	int_te	integrate
721	-2269	90	1401	inte_tion	intensification
722	-2955	69	-377	ir_y	ironically
723	-723	64	-526	j_al	jackal
724	-1984	71	699	j_n	japan
725	-1267	63	851	ju_y	jubilantly
726	-3084	69	-249	k_l	keel
727	-2573	64	-351	k_r	Kaiser
728	-1638	69	316	l_ate	lactate
729	-12	70	-1140	l_id	languid
730	-3326	67	-560	l_ity	laity
731	-1254	64	913	l_ous	laborious
732	-475	64	-1577	l_ter	lackluster
733	-2033	69	564	la_ly	laboriously
734	-466	68	-1447	lad_	lad
735	-1500	70	694	le_n	leaden
736	-3248	71	-297	le_r	leaguer
737	1	64	-507	legi_	legibility
738	-1683	69	554	li_g	liberating
739	-781	64	-469	lo_g	loading
740	-608	66	-396	lo_t	lobbyist
741	-2401	88	1656	loa_	loach
742	-3440	69	-657	lu_e	lube
743	-2320	88	1465	lu_y	lucidity
744	-1903	64	238	m_able	maintainable
745	-2060	70	987	m_age	macrophage
746	-1947	69	566	m_ate	magistrate
747	-1697	63	630	m_cal	maniacal
748	-522	74	534	m_de	magnitude
749	-1995	66	1476	m_el	mackerel
750	-1030	64	-441	m_gy	mangy
751	-1064	68	-54	m_logy	meteorology
752	-615	79	-472	m_ous	magnanimous
753	-897	66	-1433	m_re	macabre
754	-995	66	-471	m_se	madhouse
755	-1588	68	298	m_ss	madness
756	-1950	68	709	m_um	magnum
757	35	64	-468	m_w	macaw
758	-484	64	-1616	ma_al	madrigal
759	-2372	64	1212	ma_o	machismo
760	-945	70	-1503	ma_te	machete
761	-2105	64	733	mar_n	marathon
762	-2578	64	-326	mark_	markdown
763	-730	64	-1231	mass_	mass
764	-2425	88	1665	met_l	metal
765	-1955	64	939	mi_st	microbiologist
766	52	68	-354	mis_e	misadventure
767	-1082	68	-306	mis_t	misconduct
768	-291	64	-1552	mist_	mist
769	-1196	68	-237	mo_ly	mockingly
770	-2051	69	575	mo_m	modem
771	-600	80	-501	mo_n	moan
772	67	69	-373	mo_t	moat
773	-2266	64	1564	mon_y	monarchy
774	-3409	73	-940	mu_l	mull
775	-176	70	-752	mu_le	muddle
776	-986	70	-1481	mu_n	muffin
777	-1444	71	636	mu_r	Muenster
778	44	64	-502	mu_y	mucky
779	-2580	63	-232	n_a	naira
780	-1958	67	662	n_ce	negligence
781	-851	69	-628	n_ive	naive
782	-1133	70	-319	n_nt	nascent
783	-1573	69	588	n_ss	nameless
784	-2974	71	-336	ne_t	neat
785	-1519	71	614	nit_	nit
786	-52	63	-461	no_ion	nomination
787	-3154	70	-455	no_l	nocturnal
788	-1496	68	628	nom_	nomad
789	-2155	69	1047	nu_e	nuance
790	-311	66	-1535	o_ate	obdurate
791	-1541	67	727	o_ent	obedient
792	-2402	66	1538	o_ive	objective
793	-1283	63	-42	o_k	oak
794	-1925	67	411	o_nce	obedience
795	-2027	63	594	o_ous	oblivious
796	-499	66	284	o_rd	onward
797	-1873	70	1324	o_ring	offering
798	-1562	69	348	o_ry	obituary
799	-2075	71	916	o_ss	obsequiousness
800	-2613	64	-298	ob_n	obfuscation
801	-1076	80	-14	ob_y	obediently
802	-1428	71	718	op_y	opacity
803	-1306	69	320	or_e	oracle
804	-2	70	-1142	orc_	orca
805	-2562	64	-170	p_ar	par
806	-3087	68	-326	p_ary	paramilitary
807	-1111	69	-50	p_ch	parch
808	-2003	64	749	p_ck	paddock
809	-2636	64	-345	p_ct	pact
810	-1809	64	192	p_ence	patience
811	-1327	69	733	p_ful	painful
812	-1588	69	681	p_ge	parentage
813	-1535	68	418	p_ious	parsimonious
814	-3344	64	-544	p_ish	parish
815	-72	70	-22	p_it	pandit
816	-982	64	-559	p_logy	paleontology
817	-2147	69	1345	p_me	palindrome
818	-497	79	-452	p_ment	parchment
819	-2074	65	594	p_ory	participatory
820	-1924	66	704	p_per	pamper
821	-2300	70	1114	p_re	padre
822	-2304	88	1439	p_sion	passion
823	-1210	72	653	p_ue	pedagogue
824	-970	69	-244	pa_ic	pacific
825	-2748	72	-333	pa_le	paddle
826	-452	64	-1651	pa_m	pacifism
827	-1873	64	116	pa_nt	pageant
828	29	63	-532	par_t	parachutist
829	-451	64	-1492	past_	pasta
830	-628	86	-1260	pe_ce	peace
831	36	69	109	pe_nt	peasant
832	-3286	70	-128	pe_te	penetrate
833	-1039	67	-1573	pe_tion	penetration
834	-1248	69	-258	pe_ty	peaty
835	-1135	65	-152	pe_ve	peeve
836	-2226	67	1160	pec_	pecan
837	-1389	68	399	per_l	perceptual
838	-2050	64	1473	pi_t	pianist
839	-1162	64	723	pi_y	picky
840	-2419	67	1516	pla_e	placate
841	-3123	72	-205	plea_	plea
842	-3150	71	-192	po_c	polemic
843	64	69	107	pon_	ponce
844	-2163	64	759	pr_ent	precedent
845	-34	70	65	pr_le	practicable
846	-583	64	-1456	pr_ry	precautionary
847	-520	67	-1524	pr_se	praise
848	-1271	69	-165	pr_st	pragmatist
849	-253	69	-830	pre_ce	precedence
850	-1408	71	735	pre_l	preferential
851	-3246	72	-125	pre_ly	precariously
852	-551	64	-1464	pre_tion	precaution
853	-3028	71	-405	pri_e	prickle
854	-1182	64	920	pro_al	problematical
855	-976	64	-290	pro_t	procurement
856	-2194	70	1327	pro_te	probate
857	-468	68	-1427	prob_	probability
858	10	68	-862	pur_e	purchase
859	-1214	69	-216	q_l	quadrennial
860	-983	69	-221	qua_y	quackery
861	-1166	64	973	r_de	rawhide
862	-1074	68	-333	r_der	raider
863	-458	63	126	r_el	rappel
864	-3271	70	-421	r_ge	rage
865	-941	71	-1598	r_ish	radish
866	-552	63	-1542	r_ist	radiologist
867	-1931	71	1451	r_ous	rapacious
868	-885	68	-1270	r_sion	readmission
869	-478	76	520	r_ue	reissue
870	-57	68	-916	ram_	ram
871	-1916	69	1409	re_ant	reactant
872	-3152	67	-540	re_ess	readiness
873	-3328	70	-95	re_in	refrain
874	-533	64	-1612	re_ry	reactionary
875	-2015	63	1522	re_se	recluse
876	-941	67	-243	recu_	recumbent
877	99	64	-363	red_n	redden
878	119	71	615	rede_	redeem
879	-971	71	-1538	reg_e	regale
880	156	64	-293	rej_	reject
881	-3471	63	-590	rem_e	remake
882	-2744	64	-399	rep_ion	reparation
883	-2002	64	1504	repa_	repackage
884	-3154	71	-474	repr_e	reprehensible
885	-34	70	86	repu_	republic
886	-2987	69	-253	res_n	rescission
887	-1369	67	381	res_nt	resent
888	-2602	63	-326	ret_n	retain
889	-931	76	-1559	revo_	revocable
890	-2332	64	1227	ri_r	ricer
891	-576	64	-1474	rid_	rid
892	-797	63	-1182	rig_	rig
893	-2064	64	792	ris_	rise
894	-949	66	-542	rot_	rot
895	-3124	72	-482	s_el	satchel
896	-1173	72	633	s_ery	saddlery
897	-614	63	-1470	s_ia	salvia
898	-2029	65	762	s_ial	sacrificial
899	95	71	632	s_id	sangfroid
900	-18	66	-948	s_ious	sacrilegious
901	-1031	68	-189	s_ld	scaffold
902	-2952	71	-306	s_me	scheme
903	-584	79	-1204	s_nd	saraband
904	-16	68	-855	s_nder	salamander
905	-3177	69	-526	s_ny	satiny
906	-1051	68	-1553	s_out	scout
907	139	64	-272	s_ow	sallow
908	-2070	64	855	s_rn	scorn
909	-2936	71	-259	s_rt	seaport
910	-2053	64	828	s_tor	sculptor
911	-487	64	64	s_tter	scatter
912	-2323	71	1142	s_ul	scornful
913	-1040	67	-1592	s_ure	scripture
914	-1647	68	509	s_ze	sanitize
915	-2275	69	1305	sal_e	salable
916	-3108	72	-451	sav_	savage
917	-2087	64	1570	scru_	scrub
918	-2087	64	1526	se_er	seafarer
919	-327	80	584	se_nt	sealant
920	-1405	68	413	sei_	seigneur
921	-988	71	-1554	set_	seta
922	-1020	67	-1562	shee_	sheen
923	-1009	70	-1546	so_er	sober
924	-1167	72	-321	sp_ly	sparingly
925	-1743	64	166	spa_e	space
926	-878	71	-1320	spin_	spinach
927	151	63	-474	spor_	sporadic
928	-1209	71	-156	st_h	stagecoach
929	-2131	64	789	st_ling	starling
930	-2268	65	1259	st_p	stamp
931	-2263	64	1585	sta_g	stabbing
932	-2097	63	826	stee_	steed
933	-235	71	-742	sti_ng	stiffening
934	-472	67	265	sti_r	sticker
935	-2132	64	1503	str_e	straddle
936	-3343	69	-80	str_t	straight
937	-2046	69	974	str_y	straightaway
938	-490	67	-1418	su_ive	subjective
939	-2038	72	1384	su_nt	subcontinent
940	-813	64	-1464	su_te	subjugate
941	-477	76	494	subs_e	subscribe
942	-3071	66	-372	succ_	succeed
943	-3165	70	-485	suf_	suffer
944	-3011	69	-314	sul_	sulfate
945	-3202	69	-546	sur_e	surcease
946	-3441	64	-757	t_ent	tangent
947	-138	69	-211	t_id	tabloid
948	-1039	68	-90	t_logy	tautology
949	-3289	69	-296	t_me	tame
950	-118	68	-3	t_per	tamper
951	-3151	67	-360	t_se	teahouse
952	-3091	66	-358	t_ut	takeout
953	-1877	67	1386	t_ve	talkative
954	-3183	70	-454	ta_n	tabulation
955	-543	76	490	ta_r	tabor
956	-590	71	-1512	tam_	TAM
957	-535	75	-1189	te_t	teat
958	-463	77	478	tend_	tend
959	-171	67	-714	ti_r	ticker
960	-487	64	-1543	to_n	toboggan
961	-3179	69	-12	to_r	toastmaster
962	-2069	63	1585	tot_	tot
963	-3327	70	-119	tr_ble	traceable
964	-275	65	-663	tr_nt	transcendent
965	-585	79	-1277	tra_t	tracksuit
966	45	68	-877	un_ty	unanimity
967	-482	64	-1644	und_e	undeceive
968	-2075	63	827	uns_e	unscramble
969	-585	68	-1564	up_d	Upanishad
970	-3125	69	-553	ut_	utensil
971	-416	75	522	v_ate	vacate
972	-508	63	-1481	v_ce	valance
973	-991	69	-239	v_m	vacuum
974	-1037	68	-1612	v_o	verso
975	-1677	63	166	v_or	valor
976	-1851	67	1368	v_ous	vacuous
977	-1071	69	-132	va_n	vacation
978	159	72	-178	va_y	vacancy
979	-3236	72	-104	van_	van
980	-513	64	-1562	ve_y	vehemently
981	-1324	69	323	vic_	vicar
982	-2025	64	817	vil_	vile
983	-2260	64	1533	vir_	virago
984	-1561	71	550	vo_e	vogue
985	-736	65	-961	w_le	waddle
986	-2112	64	807	w_m	wampum
987	-2231	64	1515	w_rd	wallboard
988	-1900	64	317	w_re	ware
989	-579	79	-1294	wa_t	waft
990	65	69	-1029	wan_	wan
991	61	69	-1057	wee_	wee
992	-68	71	33	wel_	weld
993	-3152	69	-385	wi_e	wiggle
994	-1341	70	686	wi_l	wildfowl
995	-2131	67	761	wi_ly	wickedly
996	-1859	64	190	wi_ss	wickedness
997	-475	64	-1528	wo_y	wobbly
998	-1081	68	-113	y_n	yachtsman
999	-1877	64	145	y_r	yammer
1000	-849	63	-1321	ze_	zeal
